{"error":{"cmd":"cd /Users/xnerhu/projects/vidoc/express-master/examples/downloads && git config --get remote.origin.url","code":1,"killed":false,"signal":null,"stderr":"","stdout":""},"level":"error","message":"Error getting repository info:","timestamp":"2025-12-03T08:56:32.463Z"}
{"level":"debug","message":"Scanning directory /Users/xnerhu/projects/vidoc/express-master/examples/downloads, rootDir: /Users/xnerhu/projects/vidoc/express-master/examples/downloads","timestamp":"2025-12-03T08:56:32.467Z"}
{"level":"debug","message":"Making POST request to /v1/codebase","timestamp":"2025-12-03T08:56:32.467Z"}
{"level":"debug","message":"Codebase created: 019ae36d-7469-7746-8c74-4c9c157a3635, branch: main, name: downloads","timestamp":"2025-12-03T08:56:32.735Z"}
{"error":"Command failed: cd /Users/xnerhu/projects/vidoc/express-master/examples/downloads && git ls-tree -r HEAD --full-tree\nfatal: not a git repository (or any of the parent directories): .git","level":"debug","message":"Error getting repository files:","timestamp":"2025-12-03T08:56:32.773Z"}
{"level":"debug","message":"No language found for file: files/notes/groceries.txt","timestamp":"2025-12-03T08:56:32.830Z"}
{"level":"debug","message":"No language found for file: files/amazing.txt","timestamp":"2025-12-03T08:56:32.830Z"}
{"level":"debug","message":"No language found for file: files/CCTV大赛上海分赛区.txt","timestamp":"2025-12-03T08:56:32.830Z"}
{"level":"debug","message":"Making POST request to /v1/codebase/019ae36d-7469-7746-8c74-4c9c157a3635/sync","timestamp":"2025-12-03T08:56:32.830Z"}
{"level":"debug","message":"syncCodebaseResponse: [\n  \"index.js\"\n]","timestamp":"2025-12-03T08:56:33.218Z"}
{"level":"debug","message":"filesToPreprocess: {\n  \"forceReindex\": false,\n  \"filesToPreprocess\": [\n    {\n      \"path\": \"index.js\",\n      \"version\": \"564c9f96d01ee12016972a65a94c963c2c8061c03c51078d91160b0dd0399a01\",\n      \"language\": \"javascript\"\n    }\n  ]\n}","timestamp":"2025-12-03T08:56:33.218Z"}
{"level":"debug","message":"Making GET request to /indexing-config","timestamp":"2025-12-03T08:56:33.244Z"}
{"followRedirects":true,"level":"debug","message":"Making POST request to /index-file","timestamp":"2025-12-03T08:56:33.250Z"}
{"error":{"cmd":"cd /Users/xnerhu/projects/vidoc/express-master/examples/downloads && git rev-parse --show-toplevel","code":128,"killed":false,"signal":null,"stderr":"fatal: not a git repository (or any of the parent directories): .git\n","stdout":""},"level":"error","message":"Error getting repository info:","timestamp":"2025-12-03T08:56:34.194Z"}
{"level":"debug","message":"Scanning directory /Users/xnerhu/projects/vidoc/express-master/examples/downloads, rootDir: /Users/xnerhu/projects/vidoc/express-master/examples/downloads","timestamp":"2025-12-03T08:56:34.197Z"}
{"level":"debug","message":"Making POST request to /v1/codebase","timestamp":"2025-12-03T08:56:34.197Z"}
{"level":"debug","message":"Codebase created: 019ae36d-7469-7746-8c74-4c9c157a3635, branch: main, name: downloads","timestamp":"2025-12-03T08:56:34.290Z"}
{"error":"Command failed: cd /Users/xnerhu/projects/vidoc/express-master/examples/downloads && git ls-tree -r HEAD --full-tree\nfatal: not a git repository (or any of the parent directories): .git","level":"debug","message":"Error getting repository files:","timestamp":"2025-12-03T08:56:34.321Z"}
{"level":"debug","message":"No language found for file: files/notes/groceries.txt","timestamp":"2025-12-03T08:56:34.379Z"}
{"level":"debug","message":"No language found for file: files/amazing.txt","timestamp":"2025-12-03T08:56:34.379Z"}
{"level":"debug","message":"No language found for file: files/CCTV大赛上海分赛区.txt","timestamp":"2025-12-03T08:56:34.379Z"}
{"level":"debug","message":"Making POST request to /v1/codebase/019ae36d-7469-7746-8c74-4c9c157a3635/sync","timestamp":"2025-12-03T08:56:34.379Z"}
{"level":"debug","message":"syncCodebaseResponse: [\n  \"index.js\"\n]","timestamp":"2025-12-03T08:56:34.707Z"}
{"level":"debug","message":"filesToPreprocess: {\n  \"forceReindex\": false,\n  \"filesToPreprocess\": [\n    {\n      \"path\": \"index.js\",\n      \"version\": \"564c9f96d01ee12016972a65a94c963c2c8061c03c51078d91160b0dd0399a01\",\n      \"language\": \"javascript\"\n    }\n  ]\n}","timestamp":"2025-12-03T08:56:34.707Z"}
{"level":"debug","message":"Making GET request to /indexing-config","timestamp":"2025-12-03T08:56:34.726Z"}
{"followRedirects":true,"level":"debug","message":"Making POST request to /index-file","timestamp":"2025-12-03T08:56:34.732Z"}
{"level":"debug","message":"Preprocessing took 4.55s","timestamp":"2025-12-03T08:56:37.766Z"}
{"level":"debug","message":"Making POST request to /v1/codebase/019ae36d-7469-7746-8c74-4c9c157a3635/sync","timestamp":"2025-12-03T08:56:37.766Z"}
{"level":"debug","message":"filesToReindex2: 0, files: 1","timestamp":"2025-12-03T08:56:38.131Z"}
{"level":"debug","message":"syncCodebaseResponse2: []","timestamp":"2025-12-03T08:56:38.131Z"}
{"level":"debug","message":"Making GET request to /v1/codebase/019ae36d-7469-7746-8c74-4c9c157a3635/files?branchName=main","timestamp":"2025-12-03T08:56:38.131Z"}
{"level":"debug","message":"Making GET request to /v1/codebase/019ae36d-7469-7746-8c74-4c9c157a3635/files?branchName=main","timestamp":"2025-12-03T08:56:38.244Z"}
{"level":"debug","message":"Making POST request to /v1/scan-workflows/start","timestamp":"2025-12-03T08:56:38.349Z"}
{"level":"debug","message":"Preprocessing took 4.14s","timestamp":"2025-12-03T08:56:38.846Z"}
{"level":"debug","message":"Making POST request to /v1/codebase/019ae36d-7469-7746-8c74-4c9c157a3635/sync","timestamp":"2025-12-03T08:56:38.846Z"}
{"abortSignal":{},"level":"debug","message":"Making GET request to /v1/scan-workflows/019ae36d-8c03-72de-86f9-d42f5b672700/status","timestamp":"2025-12-03T08:56:38.928Z"}
{"abortSignal":{},"level":"debug","message":"Making GET request to /v1/codebase/019ae36d-7469-7746-8c74-4c9c157a3635/files?branchName=main","timestamp":"2025-12-03T08:56:39.071Z"}
{"abortSignal":{},"level":"debug","message":"Making GET request to /v1/codebase/019ae36d-7469-7746-8c74-4c9c157a3635/issues?branchName=main","timestamp":"2025-12-03T08:56:39.072Z"}
{"level":"debug","message":"filesToReindex2: 0, files: 1","timestamp":"2025-12-03T08:56:39.602Z"}
{"level":"debug","message":"syncCodebaseResponse2: []","timestamp":"2025-12-03T08:56:39.602Z"}
{"level":"debug","message":"Making GET request to /v1/codebase/019ae36d-7469-7746-8c74-4c9c157a3635/files?branchName=main","timestamp":"2025-12-03T08:56:39.602Z"}
{"level":"debug","message":"Making GET request to /v1/codebase/019ae36d-7469-7746-8c74-4c9c157a3635/files?branchName=main","timestamp":"2025-12-03T08:56:39.713Z"}
{"level":"debug","message":"Making POST request to /v1/scan-workflows/start","timestamp":"2025-12-03T08:56:39.823Z"}
{"abortSignal":{},"level":"debug","message":"Making GET request to /v1/scan-workflows/019ae36d-91b0-7608-b095-64e3182fb6ed/status","timestamp":"2025-12-03T08:56:40.243Z"}
{"abortSignal":{},"level":"debug","message":"Making GET request to /v1/codebase/019ae36d-7469-7746-8c74-4c9c157a3635/files?branchName=main","timestamp":"2025-12-03T08:56:40.317Z"}
{"abortSignal":{},"level":"debug","message":"Making GET request to /v1/codebase/019ae36d-7469-7746-8c74-4c9c157a3635/issues?branchName=main","timestamp":"2025-12-03T08:56:40.317Z"}
{"abortSignal":{},"level":"debug","message":"Making GET request to /v1/scan-workflows/019ae36d-8c03-72de-86f9-d42f5b672700/status","timestamp":"2025-12-03T08:56:42.532Z"}
{"abortSignal":{},"level":"debug","message":"Making GET request to /v1/codebase/019ae36d-7469-7746-8c74-4c9c157a3635/files?branchName=main","timestamp":"2025-12-03T08:56:42.615Z"}
{"abortSignal":{},"level":"debug","message":"Making GET request to /v1/codebase/019ae36d-7469-7746-8c74-4c9c157a3635/issues?branchName=main","timestamp":"2025-12-03T08:56:42.616Z"}
{"abortSignal":{},"level":"debug","message":"Making GET request to /v1/scan-workflows/019ae36d-91b0-7608-b095-64e3182fb6ed/status","timestamp":"2025-12-03T08:56:43.677Z"}
{"abortSignal":{},"level":"debug","message":"Making GET request to /v1/codebase/019ae36d-7469-7746-8c74-4c9c157a3635/files?branchName=main","timestamp":"2025-12-03T08:56:43.758Z"}
{"abortSignal":{},"level":"debug","message":"Making GET request to /v1/codebase/019ae36d-7469-7746-8c74-4c9c157a3635/issues?branchName=main","timestamp":"2025-12-03T08:56:43.759Z"}
{"abortSignal":{},"level":"debug","message":"Making GET request to /v1/scan-workflows/019ae36d-8c03-72de-86f9-d42f5b672700/status","timestamp":"2025-12-03T08:56:45.988Z"}
{"abortSignal":{},"level":"debug","message":"Making GET request to /v1/codebase/019ae36d-7469-7746-8c74-4c9c157a3635/files?branchName=main","timestamp":"2025-12-03T08:56:46.073Z"}
{"abortSignal":{},"level":"debug","message":"Making GET request to /v1/codebase/019ae36d-7469-7746-8c74-4c9c157a3635/issues?branchName=main","timestamp":"2025-12-03T08:56:46.074Z"}
{"abortSignal":{},"level":"debug","message":"Making GET request to /v1/scan-workflows/019ae36d-91b0-7608-b095-64e3182fb6ed/status","timestamp":"2025-12-03T08:56:47.153Z"}
{"abortSignal":{},"level":"debug","message":"Making GET request to /v1/codebase/019ae36d-7469-7746-8c74-4c9c157a3635/files?branchName=main","timestamp":"2025-12-03T08:56:47.244Z"}
{"abortSignal":{},"level":"debug","message":"Making GET request to /v1/codebase/019ae36d-7469-7746-8c74-4c9c157a3635/issues?branchName=main","timestamp":"2025-12-03T08:56:47.245Z"}
{"abortSignal":{},"level":"debug","message":"Making GET request to /v1/scan-workflows/019ae36d-8c03-72de-86f9-d42f5b672700/status","timestamp":"2025-12-03T08:56:49.439Z"}
{"abortSignal":{},"level":"debug","message":"Making GET request to /v1/codebase/019ae36d-7469-7746-8c74-4c9c157a3635/files?branchName=main","timestamp":"2025-12-03T08:56:49.528Z"}
{"abortSignal":{},"level":"debug","message":"Making GET request to /v1/codebase/019ae36d-7469-7746-8c74-4c9c157a3635/issues?branchName=main","timestamp":"2025-12-03T08:56:49.529Z"}
{"abortSignal":{},"level":"debug","message":"Making GET request to /v1/scan-workflows/019ae36d-91b0-7608-b095-64e3182fb6ed/status","timestamp":"2025-12-03T08:56:50.612Z"}
{"abortSignal":{},"level":"debug","message":"Making GET request to /v1/codebase/019ae36d-7469-7746-8c74-4c9c157a3635/files?branchName=main","timestamp":"2025-12-03T08:56:50.694Z"}
{"abortSignal":{},"level":"debug","message":"Making GET request to /v1/codebase/019ae36d-7469-7746-8c74-4c9c157a3635/issues?branchName=main","timestamp":"2025-12-03T08:56:50.694Z"}
{"abortSignal":{},"level":"debug","message":"Making GET request to /v1/scan-workflows/019ae36d-8c03-72de-86f9-d42f5b672700/status","timestamp":"2025-12-03T08:56:52.897Z"}
{"abortSignal":{},"level":"debug","message":"Making GET request to /v1/codebase/019ae36d-7469-7746-8c74-4c9c157a3635/files?branchName=main","timestamp":"2025-12-03T08:56:52.980Z"}
{"abortSignal":{},"level":"debug","message":"Making GET request to /v1/codebase/019ae36d-7469-7746-8c74-4c9c157a3635/issues?branchName=main","timestamp":"2025-12-03T08:56:52.980Z"}
{"abortSignal":{},"level":"debug","message":"Making GET request to /v1/scan-workflows/019ae36d-91b0-7608-b095-64e3182fb6ed/status","timestamp":"2025-12-03T08:56:54.066Z"}
{"abortSignal":{},"level":"debug","message":"Making GET request to /v1/codebase/019ae36d-7469-7746-8c74-4c9c157a3635/files?branchName=main","timestamp":"2025-12-03T08:56:54.157Z"}
{"abortSignal":{},"level":"debug","message":"Making GET request to /v1/codebase/019ae36d-7469-7746-8c74-4c9c157a3635/issues?branchName=main","timestamp":"2025-12-03T08:56:54.157Z"}
{"abortSignal":{},"level":"debug","message":"Making GET request to /v1/scan-workflows/019ae36d-8c03-72de-86f9-d42f5b672700/status","timestamp":"2025-12-03T08:56:56.352Z"}
{"abortSignal":{},"level":"debug","message":"Making GET request to /v1/codebase/019ae36d-7469-7746-8c74-4c9c157a3635/files?branchName=main","timestamp":"2025-12-03T08:56:56.443Z"}
{"abortSignal":{},"level":"debug","message":"Making GET request to /v1/codebase/019ae36d-7469-7746-8c74-4c9c157a3635/issues?branchName=main","timestamp":"2025-12-03T08:56:56.443Z"}
{"abortSignal":{},"level":"debug","message":"Making GET request to /v1/scan-workflows/019ae36d-91b0-7608-b095-64e3182fb6ed/status","timestamp":"2025-12-03T08:56:57.528Z"}
{"abortSignal":{},"level":"debug","message":"Making GET request to /v1/codebase/019ae36d-7469-7746-8c74-4c9c157a3635/files?branchName=main","timestamp":"2025-12-03T08:56:57.615Z"}
{"abortSignal":{},"level":"debug","message":"Making GET request to /v1/codebase/019ae36d-7469-7746-8c74-4c9c157a3635/issues?branchName=main","timestamp":"2025-12-03T08:56:57.615Z"}
{"abortSignal":{},"level":"debug","message":"Making GET request to /v1/scan-workflows/019ae36d-8c03-72de-86f9-d42f5b672700/status","timestamp":"2025-12-03T08:56:59.815Z"}
{"abortSignal":{},"level":"debug","message":"Making GET request to /v1/codebase/019ae36d-7469-7746-8c74-4c9c157a3635/files?branchName=main","timestamp":"2025-12-03T08:56:59.893Z"}
{"abortSignal":{},"level":"debug","message":"Making GET request to /v1/codebase/019ae36d-7469-7746-8c74-4c9c157a3635/issues?branchName=main","timestamp":"2025-12-03T08:56:59.893Z"}
{"abortSignal":{},"level":"debug","message":"Making GET request to /v1/scan-workflows/019ae36d-91b0-7608-b095-64e3182fb6ed/status","timestamp":"2025-12-03T08:57:00.988Z"}
{"abortSignal":{},"level":"debug","message":"Making GET request to /v1/codebase/019ae36d-7469-7746-8c74-4c9c157a3635/files?branchName=main","timestamp":"2025-12-03T08:57:01.082Z"}
{"abortSignal":{},"level":"debug","message":"Making GET request to /v1/codebase/019ae36d-7469-7746-8c74-4c9c157a3635/issues?branchName=main","timestamp":"2025-12-03T08:57:01.083Z"}
{"abortSignal":{},"level":"debug","message":"Making GET request to /v1/scan-workflows/019ae36d-8c03-72de-86f9-d42f5b672700/status","timestamp":"2025-12-03T08:57:03.260Z"}
{"abortSignal":{},"level":"debug","message":"Making GET request to /v1/codebase/019ae36d-7469-7746-8c74-4c9c157a3635/files?branchName=main","timestamp":"2025-12-03T08:57:03.352Z"}
{"abortSignal":{},"level":"debug","message":"Making GET request to /v1/codebase/019ae36d-7469-7746-8c74-4c9c157a3635/issues?branchName=main","timestamp":"2025-12-03T08:57:03.353Z"}
{"abortSignal":{},"level":"debug","message":"Making GET request to /v1/scan-workflows/019ae36d-91b0-7608-b095-64e3182fb6ed/status","timestamp":"2025-12-03T08:57:04.445Z"}
{"abortSignal":{},"level":"debug","message":"Making GET request to /v1/codebase/019ae36d-7469-7746-8c74-4c9c157a3635/files?branchName=main","timestamp":"2025-12-03T08:57:04.532Z"}
{"abortSignal":{},"level":"debug","message":"Making GET request to /v1/codebase/019ae36d-7469-7746-8c74-4c9c157a3635/issues?branchName=main","timestamp":"2025-12-03T08:57:04.532Z"}
{"level":"debug","message":"Making GET request to /v1/codebase/019ae36d-7469-7746-8c74-4c9c157a3635/issues?branchName=main","timestamp":"2025-12-03T08:57:04.911Z"}
{"abortSignal":{},"level":"debug","message":"Making GET request to /v1/scan-workflows/019ae36d-8c03-72de-86f9-d42f5b672700/status","timestamp":"2025-12-03T08:57:06.716Z"}
{"abortSignal":{},"level":"debug","message":"Making GET request to /v1/codebase/019ae36d-7469-7746-8c74-4c9c157a3635/files?branchName=main","timestamp":"2025-12-03T08:57:06.800Z"}
{"abortSignal":{},"level":"debug","message":"Making GET request to /v1/codebase/019ae36d-7469-7746-8c74-4c9c157a3635/issues?branchName=main","timestamp":"2025-12-03T08:57:06.800Z"}
{"abortSignal":{},"level":"debug","message":"Making GET request to /v1/scan-workflows/019ae36d-8c03-72de-86f9-d42f5b672700/status","timestamp":"2025-12-03T08:57:10.173Z"}
{"abortSignal":{},"level":"debug","message":"Making GET request to /v1/codebase/019ae36d-7469-7746-8c74-4c9c157a3635/files?branchName=main","timestamp":"2025-12-03T08:57:10.260Z"}
{"abortSignal":{},"level":"debug","message":"Making GET request to /v1/codebase/019ae36d-7469-7746-8c74-4c9c157a3635/issues?branchName=main","timestamp":"2025-12-03T08:57:10.261Z"}
{"abortSignal":{},"level":"debug","message":"Making GET request to /v1/scan-workflows/019ae36d-8c03-72de-86f9-d42f5b672700/status","timestamp":"2025-12-03T08:57:13.635Z"}
{"abortSignal":{},"level":"debug","message":"Making GET request to /v1/codebase/019ae36d-7469-7746-8c74-4c9c157a3635/files?branchName=main","timestamp":"2025-12-03T08:57:13.714Z"}
{"abortSignal":{},"level":"debug","message":"Making GET request to /v1/codebase/019ae36d-7469-7746-8c74-4c9c157a3635/issues?branchName=main","timestamp":"2025-12-03T08:57:13.715Z"}
{"abortSignal":{},"level":"debug","message":"Making GET request to /v1/scan-workflows/019ae36d-8c03-72de-86f9-d42f5b672700/status","timestamp":"2025-12-03T08:57:17.099Z"}
{"abortSignal":{},"level":"debug","message":"Making GET request to /v1/codebase/019ae36d-7469-7746-8c74-4c9c157a3635/files?branchName=main","timestamp":"2025-12-03T08:57:17.202Z"}
{"abortSignal":{},"level":"debug","message":"Making GET request to /v1/codebase/019ae36d-7469-7746-8c74-4c9c157a3635/issues?branchName=main","timestamp":"2025-12-03T08:57:17.203Z"}
{"abortSignal":{},"level":"debug","message":"Making GET request to /v1/scan-workflows/019ae36d-8c03-72de-86f9-d42f5b672700/status","timestamp":"2025-12-03T08:57:20.572Z"}
{"abortSignal":{},"level":"debug","message":"Making GET request to /v1/codebase/019ae36d-7469-7746-8c74-4c9c157a3635/files?branchName=main","timestamp":"2025-12-03T08:57:20.657Z"}
{"abortSignal":{},"level":"debug","message":"Making GET request to /v1/codebase/019ae36d-7469-7746-8c74-4c9c157a3635/issues?branchName=main","timestamp":"2025-12-03T08:57:20.657Z"}
{"abortSignal":{},"level":"debug","message":"Making GET request to /v1/scan-workflows/019ae36d-8c03-72de-86f9-d42f5b672700/status","timestamp":"2025-12-03T08:57:24.032Z"}
{"abortSignal":{},"level":"debug","message":"Making GET request to /v1/codebase/019ae36d-7469-7746-8c74-4c9c157a3635/files?branchName=main","timestamp":"2025-12-03T08:57:24.129Z"}
{"abortSignal":{},"level":"debug","message":"Making GET request to /v1/codebase/019ae36d-7469-7746-8c74-4c9c157a3635/issues?branchName=main","timestamp":"2025-12-03T08:57:24.129Z"}
{"abortSignal":{},"level":"debug","message":"Making GET request to /v1/scan-workflows/019ae36d-8c03-72de-86f9-d42f5b672700/status","timestamp":"2025-12-03T08:57:27.503Z"}
{"abortSignal":{},"level":"debug","message":"Making GET request to /v1/codebase/019ae36d-7469-7746-8c74-4c9c157a3635/files?branchName=main","timestamp":"2025-12-03T08:57:27.587Z"}
{"abortSignal":{},"level":"debug","message":"Making GET request to /v1/codebase/019ae36d-7469-7746-8c74-4c9c157a3635/issues?branchName=main","timestamp":"2025-12-03T08:57:27.588Z"}
{"abortSignal":{},"level":"debug","message":"Making GET request to /v1/scan-workflows/019ae36d-8c03-72de-86f9-d42f5b672700/status","timestamp":"2025-12-03T08:57:30.956Z"}
{"abortSignal":{},"level":"debug","message":"Making GET request to /v1/codebase/019ae36d-7469-7746-8c74-4c9c157a3635/files?branchName=main","timestamp":"2025-12-03T08:57:31.052Z"}
{"abortSignal":{},"level":"debug","message":"Making GET request to /v1/codebase/019ae36d-7469-7746-8c74-4c9c157a3635/issues?branchName=main","timestamp":"2025-12-03T08:57:31.053Z"}
{"abortSignal":{},"level":"debug","message":"Making GET request to /v1/scan-workflows/019ae36d-8c03-72de-86f9-d42f5b672700/status","timestamp":"2025-12-03T08:57:34.419Z"}
{"abortSignal":{},"level":"debug","message":"Making GET request to /v1/codebase/019ae36d-7469-7746-8c74-4c9c157a3635/files?branchName=main","timestamp":"2025-12-03T08:57:34.511Z"}
{"abortSignal":{},"level":"debug","message":"Making GET request to /v1/codebase/019ae36d-7469-7746-8c74-4c9c157a3635/issues?branchName=main","timestamp":"2025-12-03T08:57:34.511Z"}
{"abortSignal":{},"level":"debug","message":"Making GET request to /v1/scan-workflows/019ae36d-8c03-72de-86f9-d42f5b672700/status","timestamp":"2025-12-03T08:57:37.889Z"}
{"abortSignal":{},"level":"debug","message":"Making GET request to /v1/codebase/019ae36d-7469-7746-8c74-4c9c157a3635/files?branchName=main","timestamp":"2025-12-03T08:57:37.977Z"}
{"abortSignal":{},"level":"debug","message":"Making GET request to /v1/codebase/019ae36d-7469-7746-8c74-4c9c157a3635/issues?branchName=main","timestamp":"2025-12-03T08:57:37.977Z"}
{"abortSignal":{},"level":"debug","message":"Making GET request to /v1/scan-workflows/019ae36d-8c03-72de-86f9-d42f5b672700/status","timestamp":"2025-12-03T08:57:41.356Z"}
{"abortSignal":{},"level":"debug","message":"Making GET request to /v1/codebase/019ae36d-7469-7746-8c74-4c9c157a3635/files?branchName=main","timestamp":"2025-12-03T08:57:41.456Z"}
{"abortSignal":{},"level":"debug","message":"Making GET request to /v1/codebase/019ae36d-7469-7746-8c74-4c9c157a3635/issues?branchName=main","timestamp":"2025-12-03T08:57:41.456Z"}
{"abortSignal":{},"level":"debug","message":"Making GET request to /v1/scan-workflows/019ae36d-8c03-72de-86f9-d42f5b672700/status","timestamp":"2025-12-03T08:57:44.827Z"}
{"abortSignal":{},"level":"debug","message":"Making GET request to /v1/codebase/019ae36d-7469-7746-8c74-4c9c157a3635/files?branchName=main","timestamp":"2025-12-03T08:57:44.923Z"}
{"abortSignal":{},"level":"debug","message":"Making GET request to /v1/codebase/019ae36d-7469-7746-8c74-4c9c157a3635/issues?branchName=main","timestamp":"2025-12-03T08:57:44.923Z"}
{"abortSignal":{},"level":"debug","message":"Making GET request to /v1/scan-workflows/019ae36d-8c03-72de-86f9-d42f5b672700/status","timestamp":"2025-12-03T08:57:48.311Z"}
{"abortSignal":{},"level":"debug","message":"Making GET request to /v1/codebase/019ae36d-7469-7746-8c74-4c9c157a3635/files?branchName=main","timestamp":"2025-12-03T08:57:48.409Z"}
{"abortSignal":{},"level":"debug","message":"Making GET request to /v1/codebase/019ae36d-7469-7746-8c74-4c9c157a3635/issues?branchName=main","timestamp":"2025-12-03T08:57:48.410Z"}
{"abortSignal":{},"level":"debug","message":"Making GET request to /v1/scan-workflows/019ae36d-8c03-72de-86f9-d42f5b672700/status","timestamp":"2025-12-03T08:57:51.780Z"}
{"abortSignal":{},"level":"debug","message":"Making GET request to /v1/codebase/019ae36d-7469-7746-8c74-4c9c157a3635/files?branchName=main","timestamp":"2025-12-03T08:57:51.864Z"}
{"abortSignal":{},"level":"debug","message":"Making GET request to /v1/codebase/019ae36d-7469-7746-8c74-4c9c157a3635/issues?branchName=main","timestamp":"2025-12-03T08:57:51.864Z"}
{"abortSignal":{},"level":"debug","message":"Making GET request to /v1/scan-workflows/019ae36d-8c03-72de-86f9-d42f5b672700/status","timestamp":"2025-12-03T08:57:55.254Z"}
{"abortSignal":{},"level":"debug","message":"Making GET request to /v1/codebase/019ae36d-7469-7746-8c74-4c9c157a3635/files?branchName=main","timestamp":"2025-12-03T08:57:55.355Z"}
{"abortSignal":{},"level":"debug","message":"Making GET request to /v1/codebase/019ae36d-7469-7746-8c74-4c9c157a3635/issues?branchName=main","timestamp":"2025-12-03T08:57:55.355Z"}
{"abortSignal":{},"level":"debug","message":"Making GET request to /v1/scan-workflows/019ae36d-8c03-72de-86f9-d42f5b672700/status","timestamp":"2025-12-03T08:57:58.725Z"}
{"abortSignal":{},"level":"debug","message":"Making GET request to /v1/codebase/019ae36d-7469-7746-8c74-4c9c157a3635/files?branchName=main","timestamp":"2025-12-03T08:57:58.814Z"}
{"abortSignal":{},"level":"debug","message":"Making GET request to /v1/codebase/019ae36d-7469-7746-8c74-4c9c157a3635/issues?branchName=main","timestamp":"2025-12-03T08:57:58.814Z"}
{"abortSignal":{},"level":"debug","message":"Making GET request to /v1/scan-workflows/019ae36d-8c03-72de-86f9-d42f5b672700/status","timestamp":"2025-12-03T08:58:02.189Z"}
{"abortSignal":{},"level":"debug","message":"Making GET request to /v1/codebase/019ae36d-7469-7746-8c74-4c9c157a3635/files?branchName=main","timestamp":"2025-12-03T08:58:02.280Z"}
{"abortSignal":{},"level":"debug","message":"Making GET request to /v1/codebase/019ae36d-7469-7746-8c74-4c9c157a3635/issues?branchName=main","timestamp":"2025-12-03T08:58:02.280Z"}
{"abortSignal":{},"level":"debug","message":"Making GET request to /v1/scan-workflows/019ae36d-8c03-72de-86f9-d42f5b672700/status","timestamp":"2025-12-03T08:58:05.665Z"}
{"abortSignal":{},"level":"debug","message":"Making GET request to /v1/codebase/019ae36d-7469-7746-8c74-4c9c157a3635/files?branchName=main","timestamp":"2025-12-03T08:58:05.753Z"}
{"abortSignal":{},"level":"debug","message":"Making GET request to /v1/codebase/019ae36d-7469-7746-8c74-4c9c157a3635/issues?branchName=main","timestamp":"2025-12-03T08:58:05.753Z"}
{"abortSignal":{},"level":"debug","message":"Making GET request to /v1/scan-workflows/019ae36d-8c03-72de-86f9-d42f5b672700/status","timestamp":"2025-12-03T08:58:09.124Z"}
{"abortSignal":{},"level":"debug","message":"Making GET request to /v1/codebase/019ae36d-7469-7746-8c74-4c9c157a3635/files?branchName=main","timestamp":"2025-12-03T08:58:09.212Z"}
{"abortSignal":{},"level":"debug","message":"Making GET request to /v1/codebase/019ae36d-7469-7746-8c74-4c9c157a3635/issues?branchName=main","timestamp":"2025-12-03T08:58:09.212Z"}
{"abortSignal":{},"level":"debug","message":"Making GET request to /v1/scan-workflows/019ae36d-8c03-72de-86f9-d42f5b672700/status","timestamp":"2025-12-03T08:58:12.580Z"}
{"abortSignal":{},"level":"debug","message":"Making GET request to /v1/codebase/019ae36d-7469-7746-8c74-4c9c157a3635/files?branchName=main","timestamp":"2025-12-03T08:58:12.666Z"}
{"abortSignal":{},"level":"debug","message":"Making GET request to /v1/codebase/019ae36d-7469-7746-8c74-4c9c157a3635/issues?branchName=main","timestamp":"2025-12-03T08:58:12.666Z"}
{"abortSignal":{},"level":"debug","message":"Making GET request to /v1/scan-workflows/019ae36d-8c03-72de-86f9-d42f5b672700/status","timestamp":"2025-12-03T08:58:16.047Z"}
{"abortSignal":{},"level":"debug","message":"Making GET request to /v1/codebase/019ae36d-7469-7746-8c74-4c9c157a3635/files?branchName=main","timestamp":"2025-12-03T08:58:16.136Z"}
{"abortSignal":{},"level":"debug","message":"Making GET request to /v1/codebase/019ae36d-7469-7746-8c74-4c9c157a3635/issues?branchName=main","timestamp":"2025-12-03T08:58:16.137Z"}
{"abortSignal":{},"level":"debug","message":"Making GET request to /v1/scan-workflows/019ae36d-8c03-72de-86f9-d42f5b672700/status","timestamp":"2025-12-03T08:58:19.508Z"}
{"abortSignal":{},"level":"debug","message":"Making GET request to /v1/codebase/019ae36d-7469-7746-8c74-4c9c157a3635/files?branchName=main","timestamp":"2025-12-03T08:58:19.590Z"}
{"abortSignal":{},"level":"debug","message":"Making GET request to /v1/codebase/019ae36d-7469-7746-8c74-4c9c157a3635/issues?branchName=main","timestamp":"2025-12-03T08:58:19.590Z"}
{"abortSignal":{},"level":"debug","message":"Making GET request to /v1/scan-workflows/019ae36d-8c03-72de-86f9-d42f5b672700/status","timestamp":"2025-12-03T08:58:22.962Z"}
{"abortSignal":{},"level":"debug","message":"Making GET request to /v1/codebase/019ae36d-7469-7746-8c74-4c9c157a3635/files?branchName=main","timestamp":"2025-12-03T08:58:23.052Z"}
{"abortSignal":{},"level":"debug","message":"Making GET request to /v1/codebase/019ae36d-7469-7746-8c74-4c9c157a3635/issues?branchName=main","timestamp":"2025-12-03T08:58:23.053Z"}
{"abortSignal":{},"level":"debug","message":"Making GET request to /v1/scan-workflows/019ae36d-8c03-72de-86f9-d42f5b672700/status","timestamp":"2025-12-03T08:58:26.428Z"}
{"abortSignal":{},"level":"debug","message":"Making GET request to /v1/codebase/019ae36d-7469-7746-8c74-4c9c157a3635/files?branchName=main","timestamp":"2025-12-03T08:58:26.518Z"}
{"abortSignal":{},"level":"debug","message":"Making GET request to /v1/codebase/019ae36d-7469-7746-8c74-4c9c157a3635/issues?branchName=main","timestamp":"2025-12-03T08:58:26.518Z"}
{"abortSignal":{},"level":"debug","message":"Making GET request to /v1/scan-workflows/019ae36d-8c03-72de-86f9-d42f5b672700/status","timestamp":"2025-12-03T08:58:29.883Z"}
{"abortSignal":{},"level":"debug","message":"Making GET request to /v1/codebase/019ae36d-7469-7746-8c74-4c9c157a3635/files?branchName=main","timestamp":"2025-12-03T08:58:29.967Z"}
{"abortSignal":{},"level":"debug","message":"Making GET request to /v1/codebase/019ae36d-7469-7746-8c74-4c9c157a3635/issues?branchName=main","timestamp":"2025-12-03T08:58:29.967Z"}
{"abortSignal":{},"level":"debug","message":"Making GET request to /v1/scan-workflows/019ae36d-8c03-72de-86f9-d42f5b672700/status","timestamp":"2025-12-03T08:58:33.339Z"}
{"abortSignal":{},"level":"debug","message":"Making GET request to /v1/codebase/019ae36d-7469-7746-8c74-4c9c157a3635/files?branchName=main","timestamp":"2025-12-03T08:58:33.425Z"}
{"abortSignal":{},"level":"debug","message":"Making GET request to /v1/codebase/019ae36d-7469-7746-8c74-4c9c157a3635/issues?branchName=main","timestamp":"2025-12-03T08:58:33.426Z"}
{"abortSignal":{},"level":"debug","message":"Making GET request to /v1/scan-workflows/019ae36d-8c03-72de-86f9-d42f5b672700/status","timestamp":"2025-12-03T08:58:36.801Z"}
{"abortSignal":{},"level":"debug","message":"Making GET request to /v1/codebase/019ae36d-7469-7746-8c74-4c9c157a3635/files?branchName=main","timestamp":"2025-12-03T08:58:36.892Z"}
{"abortSignal":{},"level":"debug","message":"Making GET request to /v1/codebase/019ae36d-7469-7746-8c74-4c9c157a3635/issues?branchName=main","timestamp":"2025-12-03T08:58:36.892Z"}
{"abortSignal":{},"level":"debug","message":"Making GET request to /v1/scan-workflows/019ae36d-8c03-72de-86f9-d42f5b672700/status","timestamp":"2025-12-03T08:58:40.264Z"}
{"abortSignal":{},"level":"debug","message":"Making GET request to /v1/codebase/019ae36d-7469-7746-8c74-4c9c157a3635/files?branchName=main","timestamp":"2025-12-03T08:58:40.352Z"}
{"abortSignal":{},"level":"debug","message":"Making GET request to /v1/codebase/019ae36d-7469-7746-8c74-4c9c157a3635/issues?branchName=main","timestamp":"2025-12-03T08:58:40.352Z"}
{"abortSignal":{},"level":"debug","message":"Making GET request to /v1/scan-workflows/019ae36d-8c03-72de-86f9-d42f5b672700/status","timestamp":"2025-12-03T08:58:43.723Z"}
{"abortSignal":{},"level":"debug","message":"Making GET request to /v1/codebase/019ae36d-7469-7746-8c74-4c9c157a3635/files?branchName=main","timestamp":"2025-12-03T08:58:43.816Z"}
{"abortSignal":{},"level":"debug","message":"Making GET request to /v1/codebase/019ae36d-7469-7746-8c74-4c9c157a3635/issues?branchName=main","timestamp":"2025-12-03T08:58:43.816Z"}
{"abortSignal":{},"level":"debug","message":"Making GET request to /v1/scan-workflows/019ae36d-8c03-72de-86f9-d42f5b672700/status","timestamp":"2025-12-03T08:58:47.187Z"}
{"abortSignal":{},"level":"debug","message":"Making GET request to /v1/codebase/019ae36d-7469-7746-8c74-4c9c157a3635/files?branchName=main","timestamp":"2025-12-03T08:58:47.281Z"}
{"abortSignal":{},"level":"debug","message":"Making GET request to /v1/codebase/019ae36d-7469-7746-8c74-4c9c157a3635/issues?branchName=main","timestamp":"2025-12-03T08:58:47.282Z"}
{"abortSignal":{},"level":"debug","message":"Making GET request to /v1/scan-workflows/019ae36d-8c03-72de-86f9-d42f5b672700/status","timestamp":"2025-12-03T08:58:50.658Z"}
{"abortSignal":{},"level":"debug","message":"Making GET request to /v1/codebase/019ae36d-7469-7746-8c74-4c9c157a3635/files?branchName=main","timestamp":"2025-12-03T08:58:50.746Z"}
{"abortSignal":{},"level":"debug","message":"Making GET request to /v1/codebase/019ae36d-7469-7746-8c74-4c9c157a3635/issues?branchName=main","timestamp":"2025-12-03T08:58:50.747Z"}
{"level":"debug","message":"Making GET request to /v1/codebase/019ae36d-7469-7746-8c74-4c9c157a3635/issues?branchName=main","timestamp":"2025-12-03T08:58:51.118Z"}
