{"error":{"cmd":"cd /Users/xnerhu/projects/vidoc/express-master/examples/multi-router && git rev-parse --abbrev-ref HEAD","code":128,"killed":false,"signal":null,"stderr":"fatal: not a git repository (or any of the parent directories): .git\n","stdout":""},"level":"error","message":"Error getting repository info:","timestamp":"2025-12-04T11:09:15.913Z"}
{"level":"debug","message":"Scanning directory /Users/xnerhu/projects/vidoc/express-master/examples/multi-router, rootDir: /Users/xnerhu/projects/vidoc/express-master/examples/multi-router","timestamp":"2025-12-04T11:09:15.917Z"}
{"level":"debug","message":"Making POST request to /v1/codebase","timestamp":"2025-12-04T11:09:15.918Z"}
{"level":"debug","message":"Codebase created: 019ae90d-538a-7598-b035-586cf3275964, branch: main, name: multi-router","timestamp":"2025-12-04T11:09:16.164Z"}
{"error":"Command failed: cd /Users/xnerhu/projects/vidoc/express-master/examples/multi-router && git ls-tree -r HEAD --full-tree\nfatal: not a git repository (or any of the parent directories): .git","level":"debug","message":"Error getting repository files:","timestamp":"2025-12-04T11:09:16.204Z"}
{"level":"debug","message":"Making POST request to /v1/codebase/019ae90d-538a-7598-b035-586cf3275964/sync","timestamp":"2025-12-04T11:09:16.265Z"}
{"level":"debug","message":"syncCodebaseResponse: [\n  \"controllers/api_v1.js\",\n  \"controllers/api_v2.js\",\n  \"index.js\"\n]","timestamp":"2025-12-04T11:09:16.691Z"}
{"level":"debug","message":"filesToPreprocess: {\n  \"forceReindex\": false,\n  \"filesToPreprocess\": [\n    {\n      \"path\": \"controllers/api_v1.js\",\n      \"version\": \"b19879609a9ddc532d8eff55491f679295854b2399afda426ae6ceb81d7c9c5e\",\n      \"language\": \"javascript\"\n    },\n    {\n      \"path\": \"controllers/api_v2.js\",\n      \"version\": \"04c9f6db4848cd0a6df091c093b29a11f5728aede0f2f88efb03c305e8218cbd\",\n      \"language\": \"javascript\"\n    },\n    {\n      \"path\": \"index.js\",\n      \"version\": \"7ee840d17090aa4ea17a0d42b93e61e4933af20dad02bf7d3ddafb339b258734\",\n      \"language\": \"javascript\"\n    }\n  ]\n}","timestamp":"2025-12-04T11:09:16.691Z"}
{"level":"debug","message":"Making GET request to /indexing-config","timestamp":"2025-12-04T11:09:16.712Z"}
{"level":"debug","message":"Making GET request to /indexing-config","timestamp":"2025-12-04T11:09:16.717Z"}
{"level":"debug","message":"Making GET request to /indexing-config","timestamp":"2025-12-04T11:09:16.718Z"}
{"followRedirects":true,"level":"debug","message":"Making POST request to /index-file","timestamp":"2025-12-04T11:09:16.719Z"}
{"followRedirects":true,"level":"debug","message":"Making POST request to /index-file","timestamp":"2025-12-04T11:09:16.725Z"}
{"followRedirects":true,"level":"debug","message":"Making POST request to /index-file","timestamp":"2025-12-04T11:09:16.730Z"}
{"level":"debug","message":"Preprocessing took 5.20s","timestamp":"2025-12-04T11:09:21.895Z"}
{"level":"debug","message":"Making POST request to /v1/codebase/019ae90d-538a-7598-b035-586cf3275964/sync","timestamp":"2025-12-04T11:09:21.895Z"}
{"level":"debug","message":"filesToReindex2: 0, files: 3","timestamp":"2025-12-04T11:09:22.290Z"}
{"level":"debug","message":"syncCodebaseResponse2: []","timestamp":"2025-12-04T11:09:22.290Z"}
{"level":"debug","message":"Making GET request to /v1/codebase/019ae90d-538a-7598-b035-586cf3275964/files?branchName=main","timestamp":"2025-12-04T11:09:22.290Z"}
{"level":"debug","message":"Making GET request to /v1/codebase/019ae90d-538a-7598-b035-586cf3275964/files?branchName=main","timestamp":"2025-12-04T11:09:22.412Z"}
{"level":"debug","message":"Making POST request to /v1/scan-workflows/start","timestamp":"2025-12-04T11:09:22.522Z"}
{"abortSignal":{},"level":"debug","message":"Making GET request to /v1/scan-workflows/019ae90d-6e05-7433-8391-dd48e77135e0/status","timestamp":"2025-12-04T11:09:22.970Z"}
{"abortSignal":{},"level":"debug","message":"Making GET request to /v1/codebase/019ae90d-538a-7598-b035-586cf3275964/files?branchName=main","timestamp":"2025-12-04T11:09:23.044Z"}
{"abortSignal":{},"level":"debug","message":"Making GET request to /v1/codebase/019ae90d-538a-7598-b035-586cf3275964/issues?branchName=main","timestamp":"2025-12-04T11:09:23.044Z"}
{"abortSignal":{},"level":"debug","message":"Making GET request to /v1/scan-workflows/019ae90d-6e05-7433-8391-dd48e77135e0/status","timestamp":"2025-12-04T11:09:26.414Z"}
{"abortSignal":{},"level":"debug","message":"Making GET request to /v1/codebase/019ae90d-538a-7598-b035-586cf3275964/files?branchName=main","timestamp":"2025-12-04T11:09:26.501Z"}
{"abortSignal":{},"level":"debug","message":"Making GET request to /v1/codebase/019ae90d-538a-7598-b035-586cf3275964/issues?branchName=main","timestamp":"2025-12-04T11:09:26.502Z"}
{"abortSignal":{},"level":"debug","message":"Making GET request to /v1/scan-workflows/019ae90d-6e05-7433-8391-dd48e77135e0/status","timestamp":"2025-12-04T11:09:29.916Z"}
{"abortSignal":{},"level":"debug","message":"Making GET request to /v1/codebase/019ae90d-538a-7598-b035-586cf3275964/files?branchName=main","timestamp":"2025-12-04T11:09:30.001Z"}
{"abortSignal":{},"level":"debug","message":"Making GET request to /v1/codebase/019ae90d-538a-7598-b035-586cf3275964/issues?branchName=main","timestamp":"2025-12-04T11:09:30.001Z"}
{"abortSignal":{},"level":"debug","message":"Making GET request to /v1/scan-workflows/019ae90d-6e05-7433-8391-dd48e77135e0/status","timestamp":"2025-12-04T11:09:33.385Z"}
{"abortSignal":{},"level":"debug","message":"Making GET request to /v1/codebase/019ae90d-538a-7598-b035-586cf3275964/files?branchName=main","timestamp":"2025-12-04T11:09:33.467Z"}
{"abortSignal":{},"level":"debug","message":"Making GET request to /v1/codebase/019ae90d-538a-7598-b035-586cf3275964/issues?branchName=main","timestamp":"2025-12-04T11:09:33.467Z"}
{"abortSignal":{},"level":"debug","message":"Making GET request to /v1/scan-workflows/019ae90d-6e05-7433-8391-dd48e77135e0/status","timestamp":"2025-12-04T11:09:36.855Z"}
{"abortSignal":{},"level":"debug","message":"Making GET request to /v1/codebase/019ae90d-538a-7598-b035-586cf3275964/files?branchName=main","timestamp":"2025-12-04T11:09:36.934Z"}
{"abortSignal":{},"level":"debug","message":"Making GET request to /v1/codebase/019ae90d-538a-7598-b035-586cf3275964/issues?branchName=main","timestamp":"2025-12-04T11:09:36.934Z"}
{"abortSignal":{},"level":"debug","message":"Making GET request to /v1/scan-workflows/019ae90d-6e05-7433-8391-dd48e77135e0/status","timestamp":"2025-12-04T11:09:40.318Z"}
{"abortSignal":{},"level":"debug","message":"Making GET request to /v1/codebase/019ae90d-538a-7598-b035-586cf3275964/files?branchName=main","timestamp":"2025-12-04T11:09:40.405Z"}
{"abortSignal":{},"level":"debug","message":"Making GET request to /v1/codebase/019ae90d-538a-7598-b035-586cf3275964/issues?branchName=main","timestamp":"2025-12-04T11:09:40.406Z"}
{"abortSignal":{},"level":"debug","message":"Making GET request to /v1/scan-workflows/019ae90d-6e05-7433-8391-dd48e77135e0/status","timestamp":"2025-12-04T11:09:43.830Z"}
{"abortSignal":{},"level":"debug","message":"Making GET request to /v1/codebase/019ae90d-538a-7598-b035-586cf3275964/files?branchName=main","timestamp":"2025-12-04T11:09:43.915Z"}
{"abortSignal":{},"level":"debug","message":"Making GET request to /v1/codebase/019ae90d-538a-7598-b035-586cf3275964/issues?branchName=main","timestamp":"2025-12-04T11:09:43.915Z"}
{"abortSignal":{},"level":"debug","message":"Making GET request to /v1/scan-workflows/019ae90d-6e05-7433-8391-dd48e77135e0/status","timestamp":"2025-12-04T11:09:47.306Z"}
{"abortSignal":{},"level":"debug","message":"Making GET request to /v1/codebase/019ae90d-538a-7598-b035-586cf3275964/files?branchName=main","timestamp":"2025-12-04T11:09:47.392Z"}
{"abortSignal":{},"level":"debug","message":"Making GET request to /v1/codebase/019ae90d-538a-7598-b035-586cf3275964/issues?branchName=main","timestamp":"2025-12-04T11:09:47.393Z"}
{"abortSignal":{},"level":"debug","message":"Making GET request to /v1/scan-workflows/019ae90d-6e05-7433-8391-dd48e77135e0/status","timestamp":"2025-12-04T11:09:50.777Z"}
{"abortSignal":{},"level":"debug","message":"Making GET request to /v1/codebase/019ae90d-538a-7598-b035-586cf3275964/files?branchName=main","timestamp":"2025-12-04T11:09:50.871Z"}
{"abortSignal":{},"level":"debug","message":"Making GET request to /v1/codebase/019ae90d-538a-7598-b035-586cf3275964/issues?branchName=main","timestamp":"2025-12-04T11:09:50.871Z"}
{"abortSignal":{},"level":"debug","message":"Making GET request to /v1/scan-workflows/019ae90d-6e05-7433-8391-dd48e77135e0/status","timestamp":"2025-12-04T11:09:54.291Z"}
{"abortSignal":{},"level":"debug","message":"Making GET request to /v1/codebase/019ae90d-538a-7598-b035-586cf3275964/files?branchName=main","timestamp":"2025-12-04T11:09:54.379Z"}
{"abortSignal":{},"level":"debug","message":"Making GET request to /v1/codebase/019ae90d-538a-7598-b035-586cf3275964/issues?branchName=main","timestamp":"2025-12-04T11:09:54.380Z"}
{"abortSignal":{},"level":"debug","message":"Making GET request to /v1/scan-workflows/019ae90d-6e05-7433-8391-dd48e77135e0/status","timestamp":"2025-12-04T11:09:57.774Z"}
{"abortSignal":{},"level":"debug","message":"Making GET request to /v1/codebase/019ae90d-538a-7598-b035-586cf3275964/files?branchName=main","timestamp":"2025-12-04T11:09:57.867Z"}
{"abortSignal":{},"level":"debug","message":"Making GET request to /v1/codebase/019ae90d-538a-7598-b035-586cf3275964/issues?branchName=main","timestamp":"2025-12-04T11:09:57.868Z"}
{"abortSignal":{},"level":"debug","message":"Making GET request to /v1/scan-workflows/019ae90d-6e05-7433-8391-dd48e77135e0/status","timestamp":"2025-12-04T11:10:01.269Z"}
{"abortSignal":{},"level":"debug","message":"Making GET request to /v1/codebase/019ae90d-538a-7598-b035-586cf3275964/files?branchName=main","timestamp":"2025-12-04T11:10:01.354Z"}
{"abortSignal":{},"level":"debug","message":"Making GET request to /v1/codebase/019ae90d-538a-7598-b035-586cf3275964/issues?branchName=main","timestamp":"2025-12-04T11:10:01.355Z"}
{"abortSignal":{},"level":"debug","message":"Making GET request to /v1/scan-workflows/019ae90d-6e05-7433-8391-dd48e77135e0/status","timestamp":"2025-12-04T11:10:04.743Z"}
{"abortSignal":{},"level":"debug","message":"Making GET request to /v1/codebase/019ae90d-538a-7598-b035-586cf3275964/files?branchName=main","timestamp":"2025-12-04T11:10:04.834Z"}
{"abortSignal":{},"level":"debug","message":"Making GET request to /v1/codebase/019ae90d-538a-7598-b035-586cf3275964/issues?branchName=main","timestamp":"2025-12-04T11:10:04.834Z"}
{"abortSignal":{},"level":"debug","message":"Making GET request to /v1/scan-workflows/019ae90d-6e05-7433-8391-dd48e77135e0/status","timestamp":"2025-12-04T11:10:08.226Z"}
{"abortSignal":{},"level":"debug","message":"Making GET request to /v1/codebase/019ae90d-538a-7598-b035-586cf3275964/files?branchName=main","timestamp":"2025-12-04T11:10:08.322Z"}
{"abortSignal":{},"level":"debug","message":"Making GET request to /v1/codebase/019ae90d-538a-7598-b035-586cf3275964/issues?branchName=main","timestamp":"2025-12-04T11:10:08.323Z"}
{"abortSignal":{},"level":"debug","message":"Making GET request to /v1/scan-workflows/019ae90d-6e05-7433-8391-dd48e77135e0/status","timestamp":"2025-12-04T11:10:11.712Z"}
{"abortSignal":{},"level":"debug","message":"Making GET request to /v1/codebase/019ae90d-538a-7598-b035-586cf3275964/files?branchName=main","timestamp":"2025-12-04T11:10:11.800Z"}
{"abortSignal":{},"level":"debug","message":"Making GET request to /v1/codebase/019ae90d-538a-7598-b035-586cf3275964/issues?branchName=main","timestamp":"2025-12-04T11:10:11.801Z"}
{"abortSignal":{},"level":"debug","message":"Making GET request to /v1/scan-workflows/019ae90d-6e05-7433-8391-dd48e77135e0/status","timestamp":"2025-12-04T11:10:15.186Z"}
{"abortSignal":{},"level":"debug","message":"Making GET request to /v1/codebase/019ae90d-538a-7598-b035-586cf3275964/files?branchName=main","timestamp":"2025-12-04T11:10:15.272Z"}
{"abortSignal":{},"level":"debug","message":"Making GET request to /v1/codebase/019ae90d-538a-7598-b035-586cf3275964/issues?branchName=main","timestamp":"2025-12-04T11:10:15.273Z"}
{"abortSignal":{},"level":"debug","message":"Making GET request to /v1/scan-workflows/019ae90d-6e05-7433-8391-dd48e77135e0/status","timestamp":"2025-12-04T11:10:18.671Z"}
{"abortSignal":{},"level":"debug","message":"Making GET request to /v1/codebase/019ae90d-538a-7598-b035-586cf3275964/files?branchName=main","timestamp":"2025-12-04T11:10:18.760Z"}
{"abortSignal":{},"level":"debug","message":"Making GET request to /v1/codebase/019ae90d-538a-7598-b035-586cf3275964/issues?branchName=main","timestamp":"2025-12-04T11:10:18.760Z"}
{"abortSignal":{},"level":"debug","message":"Making GET request to /v1/scan-workflows/019ae90d-6e05-7433-8391-dd48e77135e0/status","timestamp":"2025-12-04T11:10:22.147Z"}
{"abortSignal":{},"level":"debug","message":"Making GET request to /v1/codebase/019ae90d-538a-7598-b035-586cf3275964/files?branchName=main","timestamp":"2025-12-04T11:10:22.231Z"}
{"abortSignal":{},"level":"debug","message":"Making GET request to /v1/codebase/019ae90d-538a-7598-b035-586cf3275964/issues?branchName=main","timestamp":"2025-12-04T11:10:22.232Z"}
{"abortSignal":{},"level":"debug","message":"Making GET request to /v1/scan-workflows/019ae90d-6e05-7433-8391-dd48e77135e0/status","timestamp":"2025-12-04T11:10:25.619Z"}
{"abortSignal":{},"level":"debug","message":"Making GET request to /v1/codebase/019ae90d-538a-7598-b035-586cf3275964/files?branchName=main","timestamp":"2025-12-04T11:10:25.703Z"}
{"abortSignal":{},"level":"debug","message":"Making GET request to /v1/codebase/019ae90d-538a-7598-b035-586cf3275964/issues?branchName=main","timestamp":"2025-12-04T11:10:25.703Z"}
{"abortSignal":{},"level":"debug","message":"Making GET request to /v1/scan-workflows/019ae90d-6e05-7433-8391-dd48e77135e0/status","timestamp":"2025-12-04T11:10:29.090Z"}
{"abortSignal":{},"level":"debug","message":"Making GET request to /v1/codebase/019ae90d-538a-7598-b035-586cf3275964/files?branchName=main","timestamp":"2025-12-04T11:10:29.193Z"}
{"abortSignal":{},"level":"debug","message":"Making GET request to /v1/codebase/019ae90d-538a-7598-b035-586cf3275964/issues?branchName=main","timestamp":"2025-12-04T11:10:29.193Z"}
{"abortSignal":{},"level":"debug","message":"Making GET request to /v1/scan-workflows/019ae90d-6e05-7433-8391-dd48e77135e0/status","timestamp":"2025-12-04T11:10:32.586Z"}
{"abortSignal":{},"level":"debug","message":"Making GET request to /v1/codebase/019ae90d-538a-7598-b035-586cf3275964/files?branchName=main","timestamp":"2025-12-04T11:10:32.681Z"}
{"abortSignal":{},"level":"debug","message":"Making GET request to /v1/codebase/019ae90d-538a-7598-b035-586cf3275964/issues?branchName=main","timestamp":"2025-12-04T11:10:32.682Z"}
{"abortSignal":{},"level":"debug","message":"Making GET request to /v1/scan-workflows/019ae90d-6e05-7433-8391-dd48e77135e0/status","timestamp":"2025-12-04T11:10:36.087Z"}
{"abortSignal":{},"level":"debug","message":"Making GET request to /v1/codebase/019ae90d-538a-7598-b035-586cf3275964/files?branchName=main","timestamp":"2025-12-04T11:10:36.187Z"}
{"abortSignal":{},"level":"debug","message":"Making GET request to /v1/codebase/019ae90d-538a-7598-b035-586cf3275964/issues?branchName=main","timestamp":"2025-12-04T11:10:36.188Z"}
{"abortSignal":{},"level":"debug","message":"Making GET request to /v1/scan-workflows/019ae90d-6e05-7433-8391-dd48e77135e0/status","timestamp":"2025-12-04T11:10:39.580Z"}
{"abortSignal":{},"level":"debug","message":"Making GET request to /v1/codebase/019ae90d-538a-7598-b035-586cf3275964/files?branchName=main","timestamp":"2025-12-04T11:10:39.674Z"}
{"abortSignal":{},"level":"debug","message":"Making GET request to /v1/codebase/019ae90d-538a-7598-b035-586cf3275964/issues?branchName=main","timestamp":"2025-12-04T11:10:39.675Z"}
{"abortSignal":{},"level":"debug","message":"Making GET request to /v1/scan-workflows/019ae90d-6e05-7433-8391-dd48e77135e0/status","timestamp":"2025-12-04T11:10:43.085Z"}
{"abortSignal":{},"level":"debug","message":"Making GET request to /v1/codebase/019ae90d-538a-7598-b035-586cf3275964/files?branchName=main","timestamp":"2025-12-04T11:10:43.192Z"}
{"abortSignal":{},"level":"debug","message":"Making GET request to /v1/codebase/019ae90d-538a-7598-b035-586cf3275964/issues?branchName=main","timestamp":"2025-12-04T11:10:43.193Z"}
{"abortSignal":{},"level":"debug","message":"Making GET request to /v1/scan-workflows/019ae90d-6e05-7433-8391-dd48e77135e0/status","timestamp":"2025-12-04T11:10:46.574Z"}
{"abortSignal":{},"level":"debug","message":"Making GET request to /v1/codebase/019ae90d-538a-7598-b035-586cf3275964/files?branchName=main","timestamp":"2025-12-04T11:10:46.675Z"}
{"abortSignal":{},"level":"debug","message":"Making GET request to /v1/codebase/019ae90d-538a-7598-b035-586cf3275964/issues?branchName=main","timestamp":"2025-12-04T11:10:46.676Z"}
{"abortSignal":{},"level":"debug","message":"Making GET request to /v1/scan-workflows/019ae90d-6e05-7433-8391-dd48e77135e0/status","timestamp":"2025-12-04T11:10:50.141Z"}
{"abortSignal":{},"level":"debug","message":"Making GET request to /v1/codebase/019ae90d-538a-7598-b035-586cf3275964/files?branchName=main","timestamp":"2025-12-04T11:10:50.224Z"}
{"abortSignal":{},"level":"debug","message":"Making GET request to /v1/codebase/019ae90d-538a-7598-b035-586cf3275964/issues?branchName=main","timestamp":"2025-12-04T11:10:50.224Z"}
{"abortSignal":{},"level":"debug","message":"Making GET request to /v1/scan-workflows/019ae90d-6e05-7433-8391-dd48e77135e0/status","timestamp":"2025-12-04T11:10:53.629Z"}
{"abortSignal":{},"level":"debug","message":"Making GET request to /v1/codebase/019ae90d-538a-7598-b035-586cf3275964/files?branchName=main","timestamp":"2025-12-04T11:10:53.717Z"}
{"abortSignal":{},"level":"debug","message":"Making GET request to /v1/codebase/019ae90d-538a-7598-b035-586cf3275964/issues?branchName=main","timestamp":"2025-12-04T11:10:53.718Z"}
{"abortSignal":{},"level":"debug","message":"Making GET request to /v1/scan-workflows/019ae90d-6e05-7433-8391-dd48e77135e0/status","timestamp":"2025-12-04T11:10:57.139Z"}
{"abortSignal":{},"level":"debug","message":"Making GET request to /v1/codebase/019ae90d-538a-7598-b035-586cf3275964/files?branchName=main","timestamp":"2025-12-04T11:10:57.244Z"}
{"abortSignal":{},"level":"debug","message":"Making GET request to /v1/codebase/019ae90d-538a-7598-b035-586cf3275964/issues?branchName=main","timestamp":"2025-12-04T11:10:57.245Z"}
{"abortSignal":{},"level":"debug","message":"Making GET request to /v1/scan-workflows/019ae90d-6e05-7433-8391-dd48e77135e0/status","timestamp":"2025-12-04T11:11:00.663Z"}
{"abortSignal":{},"level":"debug","message":"Making GET request to /v1/codebase/019ae90d-538a-7598-b035-586cf3275964/files?branchName=main","timestamp":"2025-12-04T11:11:00.762Z"}
{"abortSignal":{},"level":"debug","message":"Making GET request to /v1/codebase/019ae90d-538a-7598-b035-586cf3275964/issues?branchName=main","timestamp":"2025-12-04T11:11:00.763Z"}
{"abortSignal":{},"level":"debug","message":"Making GET request to /v1/scan-workflows/019ae90d-6e05-7433-8391-dd48e77135e0/status","timestamp":"2025-12-04T11:11:04.157Z"}
{"abortSignal":{},"level":"debug","message":"Making GET request to /v1/codebase/019ae90d-538a-7598-b035-586cf3275964/files?branchName=main","timestamp":"2025-12-04T11:11:04.270Z"}
{"abortSignal":{},"level":"debug","message":"Making GET request to /v1/codebase/019ae90d-538a-7598-b035-586cf3275964/issues?branchName=main","timestamp":"2025-12-04T11:11:04.272Z"}
{"level":"debug","message":"Making GET request to /v1/codebase/019ae90d-538a-7598-b035-586cf3275964/issues?branchName=main","timestamp":"2025-12-04T11:11:04.675Z"}
