{"error":{"cmd":"cd /Users/xnerhu/projects/vidoc/express-master/examples/auth && git rev-parse --abbrev-ref HEAD","code":128,"killed":false,"signal":null,"stderr":"fatal: not a git repository (or any of the parent directories): .git\n","stdout":""},"level":"error","message":"Error getting repository info:","timestamp":"2025-12-03T08:43:52.739Z"}
{"error":{"cmd":"cd /Users/xnerhu/projects/vidoc/express-master/examples/auth && git config --get remote.origin.url","code":1,"killed":false,"signal":null,"stderr":"","stdout":""},"level":"error","message":"Error getting repository info:","timestamp":"2025-12-03T08:43:52.739Z"}
{"level":"debug","message":"Scanning directory /Users/xnerhu/projects/vidoc/express-master/examples/auth, rootDir: /Users/xnerhu/projects/vidoc/express-master/examples/auth","timestamp":"2025-12-03T08:43:52.742Z"}
{"level":"debug","message":"Making POST request to /v1/codebase","timestamp":"2025-12-03T08:43:52.743Z"}
{"level":"debug","message":"Scanning directory /Users/xnerhu/projects/vidoc/express-master/examples/auth, rootDir: /Users/xnerhu/projects/vidoc/express-master/examples/auth","timestamp":"2025-12-03T08:43:52.742Z"}
{"level":"debug","message":"Making POST request to /v1/codebase","timestamp":"2025-12-03T08:43:52.743Z"}
{"level":"debug","message":"Codebase created: 019ae361-dcf4-7052-8c5a-208045c188db, branch: main, name: auth","timestamp":"2025-12-03T08:43:53.167Z"}
{"level":"debug","message":"Codebase created: 019ae361-dd15-73b1-96b0-a1f3ce19b4d8, branch: main, name: auth","timestamp":"2025-12-03T08:43:53.198Z"}
{"error":"Command failed: cd /Users/xnerhu/projects/vidoc/express-master/examples/auth && git ls-tree -r HEAD --full-tree\nfatal: not a git repository (or any of the parent directories): .git","level":"debug","message":"Error getting repository files:","timestamp":"2025-12-03T08:43:53.204Z"}
{"error":"Command failed: cd /Users/xnerhu/projects/vidoc/express-master/examples/auth && git ls-tree -r HEAD --full-tree\nfatal: not a git repository (or any of the parent directories): .git","level":"debug","message":"Error getting repository files:","timestamp":"2025-12-03T08:43:53.225Z"}
{"level":"debug","message":"No language found for file: views/head.ejs","timestamp":"2025-12-03T08:43:53.264Z"}
{"level":"debug","message":"No language found for file: views/foot.ejs","timestamp":"2025-12-03T08:43:53.264Z"}
{"level":"debug","message":"No language found for file: views/login.ejs","timestamp":"2025-12-03T08:43:53.264Z"}
{"level":"debug","message":"Making POST request to /v1/codebase/019ae361-dcf4-7052-8c5a-208045c188db/sync","timestamp":"2025-12-03T08:43:53.264Z"}
{"level":"debug","message":"No language found for file: views/head.ejs","timestamp":"2025-12-03T08:43:53.283Z"}
{"level":"debug","message":"No language found for file: views/foot.ejs","timestamp":"2025-12-03T08:43:53.283Z"}
{"level":"debug","message":"No language found for file: views/login.ejs","timestamp":"2025-12-03T08:43:53.283Z"}
{"level":"debug","message":"Making POST request to /v1/codebase/019ae361-dd15-73b1-96b0-a1f3ce19b4d8/sync","timestamp":"2025-12-03T08:43:53.283Z"}
{"level":"debug","message":"syncCodebaseResponse: [\n  \"index.js\"\n]","timestamp":"2025-12-03T08:43:53.966Z"}
{"level":"debug","message":"filesToPreprocess: {\n  \"forceReindex\": false,\n  \"filesToPreprocess\": [\n    {\n      \"path\": \"index.js\",\n      \"version\": \"6839460e69f364d5a6f874f715702e3adfded26ae8eedc9b160215f36c73d287\",\n      \"language\": \"javascript\"\n    }\n  ]\n}","timestamp":"2025-12-03T08:43:53.966Z"}
{"level":"debug","message":"Making GET request to /indexing-config","timestamp":"2025-12-03T08:43:53.993Z"}
{"level":"debug","message":"syncCodebaseResponse: [\n  \"index.js\"\n]","timestamp":"2025-12-03T08:43:53.998Z"}
{"followRedirects":true,"level":"debug","message":"Making POST request to /index-file","timestamp":"2025-12-03T08:43:53.998Z"}
{"level":"debug","message":"filesToPreprocess: {\n  \"forceReindex\": false,\n  \"filesToPreprocess\": [\n    {\n      \"path\": \"index.js\",\n      \"version\": \"6839460e69f364d5a6f874f715702e3adfded26ae8eedc9b160215f36c73d287\",\n      \"language\": \"javascript\"\n    }\n  ]\n}","timestamp":"2025-12-03T08:43:53.998Z"}
{"level":"debug","message":"Making GET request to /indexing-config","timestamp":"2025-12-03T08:43:54.014Z"}
{"followRedirects":true,"level":"debug","message":"Making POST request to /index-file","timestamp":"2025-12-03T08:43:54.019Z"}
{"level":"debug","message":"Preprocessing took 6.24s","timestamp":"2025-12-03T08:44:00.236Z"}
{"level":"debug","message":"Making POST request to /v1/codebase/019ae361-dd15-73b1-96b0-a1f3ce19b4d8/sync","timestamp":"2025-12-03T08:44:00.236Z"}
{"level":"debug","message":"Preprocessing took 6.31s","timestamp":"2025-12-03T08:44:00.277Z"}
{"level":"debug","message":"Making POST request to /v1/codebase/019ae361-dcf4-7052-8c5a-208045c188db/sync","timestamp":"2025-12-03T08:44:00.277Z"}
{"level":"debug","message":"filesToReindex2: 0, files: 1","timestamp":"2025-12-03T08:44:00.965Z"}
{"level":"debug","message":"syncCodebaseResponse2: []","timestamp":"2025-12-03T08:44:00.965Z"}
{"level":"debug","message":"Making GET request to /v1/codebase/019ae361-dd15-73b1-96b0-a1f3ce19b4d8/files?branchName=main","timestamp":"2025-12-03T08:44:00.965Z"}
{"level":"debug","message":"filesToReindex2: 0, files: 1","timestamp":"2025-12-03T08:44:01.001Z"}
{"level":"debug","message":"syncCodebaseResponse2: []","timestamp":"2025-12-03T08:44:01.001Z"}
{"level":"debug","message":"Making GET request to /v1/codebase/019ae361-dcf4-7052-8c5a-208045c188db/files?branchName=main","timestamp":"2025-12-03T08:44:01.001Z"}
{"level":"debug","message":"Making GET request to /v1/codebase/019ae361-dd15-73b1-96b0-a1f3ce19b4d8/files?branchName=main","timestamp":"2025-12-03T08:44:01.190Z"}
{"level":"debug","message":"Making GET request to /v1/codebase/019ae361-dcf4-7052-8c5a-208045c188db/files?branchName=main","timestamp":"2025-12-03T08:44:01.217Z"}
{"level":"debug","message":"Making POST request to /v1/scan-workflows/start","timestamp":"2025-12-03T08:44:01.397Z"}
{"level":"debug","message":"Making POST request to /v1/scan-workflows/start","timestamp":"2025-12-03T08:44:01.432Z"}
{"abortSignal":{},"level":"debug","message":"Making GET request to /v1/scan-workflows/019ae362-005c-7226-bbfc-69425e1002cd/status","timestamp":"2025-12-03T08:44:02.260Z"}
{"abortSignal":{},"level":"debug","message":"Making GET request to /v1/scan-workflows/019ae362-0032-74c8-ad57-544b900e2b4a/status","timestamp":"2025-12-03T08:44:02.302Z"}
{"abortSignal":{},"level":"debug","message":"Making GET request to /v1/codebase/019ae361-dcf4-7052-8c5a-208045c188db/files?branchName=main","timestamp":"2025-12-03T08:44:02.410Z"}
{"abortSignal":{},"level":"debug","message":"Making GET request to /v1/codebase/019ae361-dcf4-7052-8c5a-208045c188db/issues?branchName=main","timestamp":"2025-12-03T08:44:02.411Z"}
{"abortSignal":{},"level":"debug","message":"Making GET request to /v1/codebase/019ae361-dd15-73b1-96b0-a1f3ce19b4d8/files?branchName=main","timestamp":"2025-12-03T08:44:02.443Z"}
{"abortSignal":{},"level":"debug","message":"Making GET request to /v1/codebase/019ae361-dd15-73b1-96b0-a1f3ce19b4d8/issues?branchName=main","timestamp":"2025-12-03T08:44:02.444Z"}
{"abortSignal":{},"level":"debug","message":"Making GET request to /v1/scan-workflows/019ae362-005c-7226-bbfc-69425e1002cd/status","timestamp":"2025-12-03T08:44:05.943Z"}
{"abortSignal":{},"level":"debug","message":"Making GET request to /v1/codebase/019ae361-dcf4-7052-8c5a-208045c188db/files?branchName=main","timestamp":"2025-12-03T08:44:06.026Z"}
{"abortSignal":{},"level":"debug","message":"Making GET request to /v1/codebase/019ae361-dcf4-7052-8c5a-208045c188db/issues?branchName=main","timestamp":"2025-12-03T08:44:06.027Z"}
{"abortSignal":{},"level":"debug","message":"Making GET request to /v1/scan-workflows/019ae362-0032-74c8-ad57-544b900e2b4a/status","timestamp":"2025-12-03T08:44:06.161Z"}
{"abortSignal":{},"level":"debug","message":"Making GET request to /v1/codebase/019ae361-dd15-73b1-96b0-a1f3ce19b4d8/files?branchName=main","timestamp":"2025-12-03T08:44:06.476Z"}
{"abortSignal":{},"level":"debug","message":"Making GET request to /v1/codebase/019ae361-dd15-73b1-96b0-a1f3ce19b4d8/issues?branchName=main","timestamp":"2025-12-03T08:44:06.477Z"}
{"abortSignal":{},"level":"debug","message":"Making GET request to /v1/scan-workflows/019ae362-005c-7226-bbfc-69425e1002cd/status","timestamp":"2025-12-03T08:44:09.442Z"}
{"abortSignal":{},"level":"debug","message":"Making GET request to /v1/codebase/019ae361-dcf4-7052-8c5a-208045c188db/files?branchName=main","timestamp":"2025-12-03T08:44:09.522Z"}
{"abortSignal":{},"level":"debug","message":"Making GET request to /v1/codebase/019ae361-dcf4-7052-8c5a-208045c188db/issues?branchName=main","timestamp":"2025-12-03T08:44:09.523Z"}
{"abortSignal":{},"level":"debug","message":"Making GET request to /v1/scan-workflows/019ae362-0032-74c8-ad57-544b900e2b4a/status","timestamp":"2025-12-03T08:44:09.856Z"}
{"abortSignal":{},"level":"debug","message":"Making GET request to /v1/codebase/019ae361-dd15-73b1-96b0-a1f3ce19b4d8/files?branchName=main","timestamp":"2025-12-03T08:44:09.962Z"}
{"abortSignal":{},"level":"debug","message":"Making GET request to /v1/codebase/019ae361-dd15-73b1-96b0-a1f3ce19b4d8/issues?branchName=main","timestamp":"2025-12-03T08:44:09.962Z"}
{"abortSignal":{},"level":"debug","message":"Making GET request to /v1/scan-workflows/019ae362-005c-7226-bbfc-69425e1002cd/status","timestamp":"2025-12-03T08:44:12.891Z"}
{"abortSignal":{},"level":"debug","message":"Making GET request to /v1/codebase/019ae361-dcf4-7052-8c5a-208045c188db/files?branchName=main","timestamp":"2025-12-03T08:44:12.975Z"}
{"abortSignal":{},"level":"debug","message":"Making GET request to /v1/codebase/019ae361-dcf4-7052-8c5a-208045c188db/issues?branchName=main","timestamp":"2025-12-03T08:44:12.976Z"}
{"abortSignal":{},"level":"debug","message":"Making GET request to /v1/scan-workflows/019ae362-0032-74c8-ad57-544b900e2b4a/status","timestamp":"2025-12-03T08:44:13.330Z"}
{"abortSignal":{},"level":"debug","message":"Making GET request to /v1/codebase/019ae361-dd15-73b1-96b0-a1f3ce19b4d8/files?branchName=main","timestamp":"2025-12-03T08:44:13.421Z"}
{"abortSignal":{},"level":"debug","message":"Making GET request to /v1/codebase/019ae361-dd15-73b1-96b0-a1f3ce19b4d8/issues?branchName=main","timestamp":"2025-12-03T08:44:13.421Z"}
{"abortSignal":{},"level":"debug","message":"Making GET request to /v1/scan-workflows/019ae362-005c-7226-bbfc-69425e1002cd/status","timestamp":"2025-12-03T08:44:16.351Z"}
{"abortSignal":{},"level":"debug","message":"Making GET request to /v1/codebase/019ae361-dcf4-7052-8c5a-208045c188db/files?branchName=main","timestamp":"2025-12-03T08:44:16.430Z"}
{"abortSignal":{},"level":"debug","message":"Making GET request to /v1/codebase/019ae361-dcf4-7052-8c5a-208045c188db/issues?branchName=main","timestamp":"2025-12-03T08:44:16.430Z"}
{"abortSignal":{},"level":"debug","message":"Making GET request to /v1/scan-workflows/019ae362-0032-74c8-ad57-544b900e2b4a/status","timestamp":"2025-12-03T08:44:16.793Z"}
{"abortSignal":{},"level":"debug","message":"Making GET request to /v1/codebase/019ae361-dd15-73b1-96b0-a1f3ce19b4d8/files?branchName=main","timestamp":"2025-12-03T08:44:16.874Z"}
{"abortSignal":{},"level":"debug","message":"Making GET request to /v1/codebase/019ae361-dd15-73b1-96b0-a1f3ce19b4d8/issues?branchName=main","timestamp":"2025-12-03T08:44:16.875Z"}
{"abortSignal":{},"level":"debug","message":"Making GET request to /v1/scan-workflows/019ae362-005c-7226-bbfc-69425e1002cd/status","timestamp":"2025-12-03T08:44:19.801Z"}
{"abortSignal":{},"level":"debug","message":"Making GET request to /v1/codebase/019ae361-dcf4-7052-8c5a-208045c188db/files?branchName=main","timestamp":"2025-12-03T08:44:19.886Z"}
{"abortSignal":{},"level":"debug","message":"Making GET request to /v1/codebase/019ae361-dcf4-7052-8c5a-208045c188db/issues?branchName=main","timestamp":"2025-12-03T08:44:19.886Z"}
{"abortSignal":{},"level":"debug","message":"Making GET request to /v1/scan-workflows/019ae362-0032-74c8-ad57-544b900e2b4a/status","timestamp":"2025-12-03T08:44:20.237Z"}
{"abortSignal":{},"level":"debug","message":"Making GET request to /v1/codebase/019ae361-dd15-73b1-96b0-a1f3ce19b4d8/files?branchName=main","timestamp":"2025-12-03T08:44:20.328Z"}
{"abortSignal":{},"level":"debug","message":"Making GET request to /v1/codebase/019ae361-dd15-73b1-96b0-a1f3ce19b4d8/issues?branchName=main","timestamp":"2025-12-03T08:44:20.329Z"}
{"abortSignal":{},"level":"debug","message":"Making GET request to /v1/scan-workflows/019ae362-005c-7226-bbfc-69425e1002cd/status","timestamp":"2025-12-03T08:44:23.259Z"}
{"abortSignal":{},"level":"debug","message":"Making GET request to /v1/codebase/019ae361-dcf4-7052-8c5a-208045c188db/files?branchName=main","timestamp":"2025-12-03T08:44:23.345Z"}
{"abortSignal":{},"level":"debug","message":"Making GET request to /v1/codebase/019ae361-dcf4-7052-8c5a-208045c188db/issues?branchName=main","timestamp":"2025-12-03T08:44:23.346Z"}
{"abortSignal":{},"level":"debug","message":"Making GET request to /v1/scan-workflows/019ae362-0032-74c8-ad57-544b900e2b4a/status","timestamp":"2025-12-03T08:44:23.703Z"}
{"abortSignal":{},"level":"debug","message":"Making GET request to /v1/codebase/019ae361-dd15-73b1-96b0-a1f3ce19b4d8/files?branchName=main","timestamp":"2025-12-03T08:44:23.799Z"}
{"abortSignal":{},"level":"debug","message":"Making GET request to /v1/codebase/019ae361-dd15-73b1-96b0-a1f3ce19b4d8/issues?branchName=main","timestamp":"2025-12-03T08:44:23.800Z"}
{"abortSignal":{},"level":"debug","message":"Making GET request to /v1/scan-workflows/019ae362-005c-7226-bbfc-69425e1002cd/status","timestamp":"2025-12-03T08:44:26.718Z"}
{"abortSignal":{},"level":"debug","message":"Making GET request to /v1/codebase/019ae361-dcf4-7052-8c5a-208045c188db/files?branchName=main","timestamp":"2025-12-03T08:44:26.797Z"}
{"abortSignal":{},"level":"debug","message":"Making GET request to /v1/codebase/019ae361-dcf4-7052-8c5a-208045c188db/issues?branchName=main","timestamp":"2025-12-03T08:44:26.797Z"}
{"abortSignal":{},"level":"debug","message":"Making GET request to /v1/scan-workflows/019ae362-0032-74c8-ad57-544b900e2b4a/status","timestamp":"2025-12-03T08:44:27.172Z"}
{"abortSignal":{},"level":"debug","message":"Making GET request to /v1/codebase/019ae361-dd15-73b1-96b0-a1f3ce19b4d8/files?branchName=main","timestamp":"2025-12-03T08:44:27.259Z"}
{"abortSignal":{},"level":"debug","message":"Making GET request to /v1/codebase/019ae361-dd15-73b1-96b0-a1f3ce19b4d8/issues?branchName=main","timestamp":"2025-12-03T08:44:27.260Z"}
{"abortSignal":{},"level":"debug","message":"Making GET request to /v1/scan-workflows/019ae362-005c-7226-bbfc-69425e1002cd/status","timestamp":"2025-12-03T08:44:30.176Z"}
{"abortSignal":{},"level":"debug","message":"Making GET request to /v1/codebase/019ae361-dcf4-7052-8c5a-208045c188db/files?branchName=main","timestamp":"2025-12-03T08:44:30.256Z"}
{"abortSignal":{},"level":"debug","message":"Making GET request to /v1/codebase/019ae361-dcf4-7052-8c5a-208045c188db/issues?branchName=main","timestamp":"2025-12-03T08:44:30.257Z"}
{"abortSignal":{},"level":"debug","message":"Making GET request to /v1/scan-workflows/019ae362-0032-74c8-ad57-544b900e2b4a/status","timestamp":"2025-12-03T08:44:30.629Z"}
{"abortSignal":{},"level":"debug","message":"Making GET request to /v1/codebase/019ae361-dd15-73b1-96b0-a1f3ce19b4d8/files?branchName=main","timestamp":"2025-12-03T08:44:30.715Z"}
{"abortSignal":{},"level":"debug","message":"Making GET request to /v1/codebase/019ae361-dd15-73b1-96b0-a1f3ce19b4d8/issues?branchName=main","timestamp":"2025-12-03T08:44:30.716Z"}
{"abortSignal":{},"level":"debug","message":"Making GET request to /v1/scan-workflows/019ae362-005c-7226-bbfc-69425e1002cd/status","timestamp":"2025-12-03T08:44:33.626Z"}
{"abortSignal":{},"level":"debug","message":"Making GET request to /v1/codebase/019ae361-dcf4-7052-8c5a-208045c188db/files?branchName=main","timestamp":"2025-12-03T08:44:33.706Z"}
{"abortSignal":{},"level":"debug","message":"Making GET request to /v1/codebase/019ae361-dcf4-7052-8c5a-208045c188db/issues?branchName=main","timestamp":"2025-12-03T08:44:33.706Z"}
{"abortSignal":{},"level":"debug","message":"Making GET request to /v1/scan-workflows/019ae362-0032-74c8-ad57-544b900e2b4a/status","timestamp":"2025-12-03T08:44:34.082Z"}
{"abortSignal":{},"level":"debug","message":"Making GET request to /v1/codebase/019ae361-dd15-73b1-96b0-a1f3ce19b4d8/files?branchName=main","timestamp":"2025-12-03T08:44:34.169Z"}
{"abortSignal":{},"level":"debug","message":"Making GET request to /v1/codebase/019ae361-dd15-73b1-96b0-a1f3ce19b4d8/issues?branchName=main","timestamp":"2025-12-03T08:44:34.170Z"}
{"abortSignal":{},"level":"debug","message":"Making GET request to /v1/scan-workflows/019ae362-005c-7226-bbfc-69425e1002cd/status","timestamp":"2025-12-03T08:44:37.082Z"}
{"abortSignal":{},"level":"debug","message":"Making GET request to /v1/codebase/019ae361-dcf4-7052-8c5a-208045c188db/files?branchName=main","timestamp":"2025-12-03T08:44:37.161Z"}
{"abortSignal":{},"level":"debug","message":"Making GET request to /v1/codebase/019ae361-dcf4-7052-8c5a-208045c188db/issues?branchName=main","timestamp":"2025-12-03T08:44:37.161Z"}
{"abortSignal":{},"level":"debug","message":"Making GET request to /v1/scan-workflows/019ae362-0032-74c8-ad57-544b900e2b4a/status","timestamp":"2025-12-03T08:44:37.562Z"}
{"abortSignal":{},"level":"debug","message":"Making GET request to /v1/codebase/019ae361-dd15-73b1-96b0-a1f3ce19b4d8/files?branchName=main","timestamp":"2025-12-03T08:44:37.654Z"}
{"abortSignal":{},"level":"debug","message":"Making GET request to /v1/codebase/019ae361-dd15-73b1-96b0-a1f3ce19b4d8/issues?branchName=main","timestamp":"2025-12-03T08:44:37.655Z"}
{"abortSignal":{},"level":"debug","message":"Making GET request to /v1/scan-workflows/019ae362-005c-7226-bbfc-69425e1002cd/status","timestamp":"2025-12-03T08:44:40.529Z"}
{"abortSignal":{},"level":"debug","message":"Making GET request to /v1/codebase/019ae361-dcf4-7052-8c5a-208045c188db/files?branchName=main","timestamp":"2025-12-03T08:44:40.619Z"}
{"abortSignal":{},"level":"debug","message":"Making GET request to /v1/codebase/019ae361-dcf4-7052-8c5a-208045c188db/issues?branchName=main","timestamp":"2025-12-03T08:44:40.619Z"}
{"abortSignal":{},"level":"debug","message":"Making GET request to /v1/scan-workflows/019ae362-0032-74c8-ad57-544b900e2b4a/status","timestamp":"2025-12-03T08:44:41.023Z"}
{"abortSignal":{},"level":"debug","message":"Making GET request to /v1/codebase/019ae361-dd15-73b1-96b0-a1f3ce19b4d8/files?branchName=main","timestamp":"2025-12-03T08:44:41.107Z"}
{"abortSignal":{},"level":"debug","message":"Making GET request to /v1/codebase/019ae361-dd15-73b1-96b0-a1f3ce19b4d8/issues?branchName=main","timestamp":"2025-12-03T08:44:41.107Z"}
{"abortSignal":{},"level":"debug","message":"Making GET request to /v1/scan-workflows/019ae362-005c-7226-bbfc-69425e1002cd/status","timestamp":"2025-12-03T08:44:43.995Z"}
{"abortSignal":{},"level":"debug","message":"Making GET request to /v1/codebase/019ae361-dcf4-7052-8c5a-208045c188db/files?branchName=main","timestamp":"2025-12-03T08:44:44.077Z"}
{"abortSignal":{},"level":"debug","message":"Making GET request to /v1/codebase/019ae361-dcf4-7052-8c5a-208045c188db/issues?branchName=main","timestamp":"2025-12-03T08:44:44.078Z"}
{"abortSignal":{},"level":"debug","message":"Making GET request to /v1/scan-workflows/019ae362-0032-74c8-ad57-544b900e2b4a/status","timestamp":"2025-12-03T08:44:44.474Z"}
{"abortSignal":{},"level":"debug","message":"Making GET request to /v1/codebase/019ae361-dd15-73b1-96b0-a1f3ce19b4d8/files?branchName=main","timestamp":"2025-12-03T08:44:44.567Z"}
{"abortSignal":{},"level":"debug","message":"Making GET request to /v1/codebase/019ae361-dd15-73b1-96b0-a1f3ce19b4d8/issues?branchName=main","timestamp":"2025-12-03T08:44:44.568Z"}
{"abortSignal":{},"level":"debug","message":"Making GET request to /v1/scan-workflows/019ae362-005c-7226-bbfc-69425e1002cd/status","timestamp":"2025-12-03T08:44:47.442Z"}
{"abortSignal":{},"level":"debug","message":"Making GET request to /v1/codebase/019ae361-dcf4-7052-8c5a-208045c188db/files?branchName=main","timestamp":"2025-12-03T08:44:47.526Z"}
{"abortSignal":{},"level":"debug","message":"Making GET request to /v1/codebase/019ae361-dcf4-7052-8c5a-208045c188db/issues?branchName=main","timestamp":"2025-12-03T08:44:47.526Z"}
{"abortSignal":{},"level":"debug","message":"Making GET request to /v1/scan-workflows/019ae362-0032-74c8-ad57-544b900e2b4a/status","timestamp":"2025-12-03T08:44:47.948Z"}
{"abortSignal":{},"level":"debug","message":"Making GET request to /v1/codebase/019ae361-dd15-73b1-96b0-a1f3ce19b4d8/files?branchName=main","timestamp":"2025-12-03T08:44:48.026Z"}
{"abortSignal":{},"level":"debug","message":"Making GET request to /v1/codebase/019ae361-dd15-73b1-96b0-a1f3ce19b4d8/issues?branchName=main","timestamp":"2025-12-03T08:44:48.026Z"}
{"abortSignal":{},"level":"debug","message":"Making GET request to /v1/scan-workflows/019ae362-005c-7226-bbfc-69425e1002cd/status","timestamp":"2025-12-03T08:44:50.911Z"}
{"abortSignal":{},"level":"debug","message":"Making GET request to /v1/codebase/019ae361-dcf4-7052-8c5a-208045c188db/files?branchName=main","timestamp":"2025-12-03T08:44:51.000Z"}
{"abortSignal":{},"level":"debug","message":"Making GET request to /v1/codebase/019ae361-dcf4-7052-8c5a-208045c188db/issues?branchName=main","timestamp":"2025-12-03T08:44:51.001Z"}
{"abortSignal":{},"level":"debug","message":"Making GET request to /v1/scan-workflows/019ae362-0032-74c8-ad57-544b900e2b4a/status","timestamp":"2025-12-03T08:44:51.391Z"}
{"abortSignal":{},"level":"debug","message":"Making GET request to /v1/codebase/019ae361-dd15-73b1-96b0-a1f3ce19b4d8/files?branchName=main","timestamp":"2025-12-03T08:44:51.479Z"}
{"abortSignal":{},"level":"debug","message":"Making GET request to /v1/codebase/019ae361-dd15-73b1-96b0-a1f3ce19b4d8/issues?branchName=main","timestamp":"2025-12-03T08:44:51.481Z"}
{"abortSignal":{},"level":"debug","message":"Making GET request to /v1/scan-workflows/019ae362-005c-7226-bbfc-69425e1002cd/status","timestamp":"2025-12-03T08:44:54.381Z"}
{"abortSignal":{},"level":"debug","message":"Making GET request to /v1/codebase/019ae361-dcf4-7052-8c5a-208045c188db/files?branchName=main","timestamp":"2025-12-03T08:44:54.469Z"}
{"abortSignal":{},"level":"debug","message":"Making GET request to /v1/codebase/019ae361-dcf4-7052-8c5a-208045c188db/issues?branchName=main","timestamp":"2025-12-03T08:44:54.470Z"}
{"abortSignal":{},"level":"debug","message":"Making GET request to /v1/scan-workflows/019ae362-0032-74c8-ad57-544b900e2b4a/status","timestamp":"2025-12-03T08:44:54.863Z"}
{"abortSignal":{},"level":"debug","message":"Making GET request to /v1/codebase/019ae361-dd15-73b1-96b0-a1f3ce19b4d8/files?branchName=main","timestamp":"2025-12-03T08:44:54.943Z"}
{"abortSignal":{},"level":"debug","message":"Making GET request to /v1/codebase/019ae361-dd15-73b1-96b0-a1f3ce19b4d8/issues?branchName=main","timestamp":"2025-12-03T08:44:54.944Z"}
{"abortSignal":{},"level":"debug","message":"Making GET request to /v1/scan-workflows/019ae362-005c-7226-bbfc-69425e1002cd/status","timestamp":"2025-12-03T08:44:57.851Z"}
{"abortSignal":{},"level":"debug","message":"Making GET request to /v1/codebase/019ae361-dcf4-7052-8c5a-208045c188db/files?branchName=main","timestamp":"2025-12-03T08:44:57.930Z"}
{"abortSignal":{},"level":"debug","message":"Making GET request to /v1/codebase/019ae361-dcf4-7052-8c5a-208045c188db/issues?branchName=main","timestamp":"2025-12-03T08:44:57.931Z"}
{"abortSignal":{},"level":"debug","message":"Making GET request to /v1/scan-workflows/019ae362-0032-74c8-ad57-544b900e2b4a/status","timestamp":"2025-12-03T08:44:58.324Z"}
{"abortSignal":{},"level":"debug","message":"Making GET request to /v1/codebase/019ae361-dd15-73b1-96b0-a1f3ce19b4d8/files?branchName=main","timestamp":"2025-12-03T08:44:58.407Z"}
{"abortSignal":{},"level":"debug","message":"Making GET request to /v1/codebase/019ae361-dd15-73b1-96b0-a1f3ce19b4d8/issues?branchName=main","timestamp":"2025-12-03T08:44:58.408Z"}
{"abortSignal":{},"level":"debug","message":"Making GET request to /v1/scan-workflows/019ae362-005c-7226-bbfc-69425e1002cd/status","timestamp":"2025-12-03T08:45:01.314Z"}
{"abortSignal":{},"level":"debug","message":"Making GET request to /v1/codebase/019ae361-dcf4-7052-8c5a-208045c188db/files?branchName=main","timestamp":"2025-12-03T08:45:01.396Z"}
{"abortSignal":{},"level":"debug","message":"Making GET request to /v1/codebase/019ae361-dcf4-7052-8c5a-208045c188db/issues?branchName=main","timestamp":"2025-12-03T08:45:01.396Z"}
{"abortSignal":{},"level":"debug","message":"Making GET request to /v1/scan-workflows/019ae362-0032-74c8-ad57-544b900e2b4a/status","timestamp":"2025-12-03T08:45:01.786Z"}
{"abortSignal":{},"level":"debug","message":"Making GET request to /v1/codebase/019ae361-dd15-73b1-96b0-a1f3ce19b4d8/files?branchName=main","timestamp":"2025-12-03T08:45:01.866Z"}
{"abortSignal":{},"level":"debug","message":"Making GET request to /v1/codebase/019ae361-dd15-73b1-96b0-a1f3ce19b4d8/issues?branchName=main","timestamp":"2025-12-03T08:45:01.867Z"}
{"abortSignal":{},"level":"debug","message":"Making GET request to /v1/scan-workflows/019ae362-005c-7226-bbfc-69425e1002cd/status","timestamp":"2025-12-03T08:45:04.759Z"}
{"abortSignal":{},"level":"debug","message":"Making GET request to /v1/codebase/019ae361-dcf4-7052-8c5a-208045c188db/files?branchName=main","timestamp":"2025-12-03T08:45:04.845Z"}
{"abortSignal":{},"level":"debug","message":"Making GET request to /v1/codebase/019ae361-dcf4-7052-8c5a-208045c188db/issues?branchName=main","timestamp":"2025-12-03T08:45:04.845Z"}
{"abortSignal":{},"level":"debug","message":"Making GET request to /v1/scan-workflows/019ae362-0032-74c8-ad57-544b900e2b4a/status","timestamp":"2025-12-03T08:45:05.250Z"}
{"abortSignal":{},"level":"debug","message":"Making GET request to /v1/codebase/019ae361-dd15-73b1-96b0-a1f3ce19b4d8/files?branchName=main","timestamp":"2025-12-03T08:45:05.324Z"}
{"abortSignal":{},"level":"debug","message":"Making GET request to /v1/codebase/019ae361-dd15-73b1-96b0-a1f3ce19b4d8/issues?branchName=main","timestamp":"2025-12-03T08:45:05.324Z"}
{"abortSignal":{},"level":"debug","message":"Making GET request to /v1/scan-workflows/019ae362-005c-7226-bbfc-69425e1002cd/status","timestamp":"2025-12-03T08:45:08.221Z"}
{"abortSignal":{},"level":"debug","message":"Making GET request to /v1/codebase/019ae361-dcf4-7052-8c5a-208045c188db/files?branchName=main","timestamp":"2025-12-03T08:45:08.300Z"}
{"abortSignal":{},"level":"debug","message":"Making GET request to /v1/codebase/019ae361-dcf4-7052-8c5a-208045c188db/issues?branchName=main","timestamp":"2025-12-03T08:45:08.301Z"}
{"abortSignal":{},"level":"debug","message":"Making GET request to /v1/scan-workflows/019ae362-0032-74c8-ad57-544b900e2b4a/status","timestamp":"2025-12-03T08:45:08.694Z"}
{"abortSignal":{},"level":"debug","message":"Making GET request to /v1/codebase/019ae361-dd15-73b1-96b0-a1f3ce19b4d8/files?branchName=main","timestamp":"2025-12-03T08:45:08.775Z"}
{"abortSignal":{},"level":"debug","message":"Making GET request to /v1/codebase/019ae361-dd15-73b1-96b0-a1f3ce19b4d8/issues?branchName=main","timestamp":"2025-12-03T08:45:08.775Z"}
{"abortSignal":{},"level":"debug","message":"Making GET request to /v1/scan-workflows/019ae362-005c-7226-bbfc-69425e1002cd/status","timestamp":"2025-12-03T08:45:11.664Z"}
{"abortSignal":{},"level":"debug","message":"Making GET request to /v1/codebase/019ae361-dcf4-7052-8c5a-208045c188db/files?branchName=main","timestamp":"2025-12-03T08:45:11.752Z"}
{"abortSignal":{},"level":"debug","message":"Making GET request to /v1/codebase/019ae361-dcf4-7052-8c5a-208045c188db/issues?branchName=main","timestamp":"2025-12-03T08:45:11.752Z"}
{"abortSignal":{},"level":"debug","message":"Making GET request to /v1/scan-workflows/019ae362-0032-74c8-ad57-544b900e2b4a/status","timestamp":"2025-12-03T08:45:12.148Z"}
{"abortSignal":{},"level":"debug","message":"Making GET request to /v1/codebase/019ae361-dd15-73b1-96b0-a1f3ce19b4d8/files?branchName=main","timestamp":"2025-12-03T08:45:12.225Z"}
{"abortSignal":{},"level":"debug","message":"Making GET request to /v1/codebase/019ae361-dd15-73b1-96b0-a1f3ce19b4d8/issues?branchName=main","timestamp":"2025-12-03T08:45:12.225Z"}
{"abortSignal":{},"level":"debug","message":"Making GET request to /v1/scan-workflows/019ae362-005c-7226-bbfc-69425e1002cd/status","timestamp":"2025-12-03T08:45:15.132Z"}
{"abortSignal":{},"level":"debug","message":"Making GET request to /v1/codebase/019ae361-dcf4-7052-8c5a-208045c188db/files?branchName=main","timestamp":"2025-12-03T08:45:15.212Z"}
{"abortSignal":{},"level":"debug","message":"Making GET request to /v1/codebase/019ae361-dcf4-7052-8c5a-208045c188db/issues?branchName=main","timestamp":"2025-12-03T08:45:15.213Z"}
{"abortSignal":{},"level":"debug","message":"Making GET request to /v1/scan-workflows/019ae362-0032-74c8-ad57-544b900e2b4a/status","timestamp":"2025-12-03T08:45:15.588Z"}
{"abortSignal":{},"level":"debug","message":"Making GET request to /v1/codebase/019ae361-dd15-73b1-96b0-a1f3ce19b4d8/files?branchName=main","timestamp":"2025-12-03T08:45:15.674Z"}
{"abortSignal":{},"level":"debug","message":"Making GET request to /v1/codebase/019ae361-dd15-73b1-96b0-a1f3ce19b4d8/issues?branchName=main","timestamp":"2025-12-03T08:45:15.675Z"}
{"abortSignal":{},"level":"debug","message":"Making GET request to /v1/scan-workflows/019ae362-005c-7226-bbfc-69425e1002cd/status","timestamp":"2025-12-03T08:45:18.595Z"}
{"abortSignal":{},"level":"debug","message":"Making GET request to /v1/codebase/019ae361-dcf4-7052-8c5a-208045c188db/files?branchName=main","timestamp":"2025-12-03T08:45:18.675Z"}
{"abortSignal":{},"level":"debug","message":"Making GET request to /v1/codebase/019ae361-dcf4-7052-8c5a-208045c188db/issues?branchName=main","timestamp":"2025-12-03T08:45:18.676Z"}
{"abortSignal":{},"level":"debug","message":"Making GET request to /v1/scan-workflows/019ae362-0032-74c8-ad57-544b900e2b4a/status","timestamp":"2025-12-03T08:45:19.059Z"}
{"abortSignal":{},"level":"debug","message":"Making GET request to /v1/codebase/019ae361-dd15-73b1-96b0-a1f3ce19b4d8/files?branchName=main","timestamp":"2025-12-03T08:45:19.139Z"}
{"abortSignal":{},"level":"debug","message":"Making GET request to /v1/codebase/019ae361-dd15-73b1-96b0-a1f3ce19b4d8/issues?branchName=main","timestamp":"2025-12-03T08:45:19.140Z"}
{"abortSignal":{},"level":"debug","message":"Making GET request to /v1/scan-workflows/019ae362-005c-7226-bbfc-69425e1002cd/status","timestamp":"2025-12-03T08:45:22.040Z"}
{"abortSignal":{},"level":"debug","message":"Making GET request to /v1/codebase/019ae361-dcf4-7052-8c5a-208045c188db/files?branchName=main","timestamp":"2025-12-03T08:45:22.117Z"}
{"abortSignal":{},"level":"debug","message":"Making GET request to /v1/codebase/019ae361-dcf4-7052-8c5a-208045c188db/issues?branchName=main","timestamp":"2025-12-03T08:45:22.117Z"}
{"abortSignal":{},"level":"debug","message":"Making GET request to /v1/scan-workflows/019ae362-0032-74c8-ad57-544b900e2b4a/status","timestamp":"2025-12-03T08:45:22.509Z"}
{"abortSignal":{},"level":"debug","message":"Making GET request to /v1/codebase/019ae361-dd15-73b1-96b0-a1f3ce19b4d8/files?branchName=main","timestamp":"2025-12-03T08:45:22.589Z"}
{"abortSignal":{},"level":"debug","message":"Making GET request to /v1/codebase/019ae361-dd15-73b1-96b0-a1f3ce19b4d8/issues?branchName=main","timestamp":"2025-12-03T08:45:22.589Z"}
{"abortSignal":{},"level":"debug","message":"Making GET request to /v1/scan-workflows/019ae362-005c-7226-bbfc-69425e1002cd/status","timestamp":"2025-12-03T08:45:25.479Z"}
{"abortSignal":{},"level":"debug","message":"Making GET request to /v1/codebase/019ae361-dcf4-7052-8c5a-208045c188db/files?branchName=main","timestamp":"2025-12-03T08:45:25.560Z"}
{"abortSignal":{},"level":"debug","message":"Making GET request to /v1/codebase/019ae361-dcf4-7052-8c5a-208045c188db/issues?branchName=main","timestamp":"2025-12-03T08:45:25.560Z"}
{"abortSignal":{},"level":"debug","message":"Making GET request to /v1/scan-workflows/019ae362-0032-74c8-ad57-544b900e2b4a/status","timestamp":"2025-12-03T08:45:25.960Z"}
{"abortSignal":{},"level":"debug","message":"Making GET request to /v1/codebase/019ae361-dd15-73b1-96b0-a1f3ce19b4d8/files?branchName=main","timestamp":"2025-12-03T08:45:26.040Z"}
{"abortSignal":{},"level":"debug","message":"Making GET request to /v1/codebase/019ae361-dd15-73b1-96b0-a1f3ce19b4d8/issues?branchName=main","timestamp":"2025-12-03T08:45:26.041Z"}
{"abortSignal":{},"level":"debug","message":"Making GET request to /v1/scan-workflows/019ae362-005c-7226-bbfc-69425e1002cd/status","timestamp":"2025-12-03T08:45:28.935Z"}
{"abortSignal":{},"level":"debug","message":"Making GET request to /v1/codebase/019ae361-dcf4-7052-8c5a-208045c188db/files?branchName=main","timestamp":"2025-12-03T08:45:29.018Z"}
{"abortSignal":{},"level":"debug","message":"Making GET request to /v1/codebase/019ae361-dcf4-7052-8c5a-208045c188db/issues?branchName=main","timestamp":"2025-12-03T08:45:29.018Z"}
{"abortSignal":{},"level":"debug","message":"Making GET request to /v1/scan-workflows/019ae362-0032-74c8-ad57-544b900e2b4a/status","timestamp":"2025-12-03T08:45:29.413Z"}
{"abortSignal":{},"level":"debug","message":"Making GET request to /v1/codebase/019ae361-dd15-73b1-96b0-a1f3ce19b4d8/files?branchName=main","timestamp":"2025-12-03T08:45:29.496Z"}
{"abortSignal":{},"level":"debug","message":"Making GET request to /v1/codebase/019ae361-dd15-73b1-96b0-a1f3ce19b4d8/issues?branchName=main","timestamp":"2025-12-03T08:45:29.497Z"}
{"abortSignal":{},"level":"debug","message":"Making GET request to /v1/scan-workflows/019ae362-005c-7226-bbfc-69425e1002cd/status","timestamp":"2025-12-03T08:45:32.392Z"}
{"abortSignal":{},"level":"debug","message":"Making GET request to /v1/codebase/019ae361-dcf4-7052-8c5a-208045c188db/files?branchName=main","timestamp":"2025-12-03T08:45:32.469Z"}
{"abortSignal":{},"level":"debug","message":"Making GET request to /v1/codebase/019ae361-dcf4-7052-8c5a-208045c188db/issues?branchName=main","timestamp":"2025-12-03T08:45:32.469Z"}
{"abortSignal":{},"level":"debug","message":"Making GET request to /v1/scan-workflows/019ae362-0032-74c8-ad57-544b900e2b4a/status","timestamp":"2025-12-03T08:45:32.858Z"}
{"abortSignal":{},"level":"debug","message":"Making GET request to /v1/codebase/019ae361-dd15-73b1-96b0-a1f3ce19b4d8/files?branchName=main","timestamp":"2025-12-03T08:45:32.943Z"}
{"abortSignal":{},"level":"debug","message":"Making GET request to /v1/codebase/019ae361-dd15-73b1-96b0-a1f3ce19b4d8/issues?branchName=main","timestamp":"2025-12-03T08:45:32.944Z"}
{"abortSignal":{},"level":"debug","message":"Making GET request to /v1/scan-workflows/019ae362-005c-7226-bbfc-69425e1002cd/status","timestamp":"2025-12-03T08:45:35.854Z"}
{"abortSignal":{},"level":"debug","message":"Making GET request to /v1/codebase/019ae361-dcf4-7052-8c5a-208045c188db/files?branchName=main","timestamp":"2025-12-03T08:45:35.944Z"}
{"abortSignal":{},"level":"debug","message":"Making GET request to /v1/codebase/019ae361-dcf4-7052-8c5a-208045c188db/issues?branchName=main","timestamp":"2025-12-03T08:45:35.945Z"}
{"abortSignal":{},"level":"debug","message":"Making GET request to /v1/scan-workflows/019ae362-0032-74c8-ad57-544b900e2b4a/status","timestamp":"2025-12-03T08:45:36.327Z"}
{"abortSignal":{},"level":"debug","message":"Making GET request to /v1/codebase/019ae361-dd15-73b1-96b0-a1f3ce19b4d8/files?branchName=main","timestamp":"2025-12-03T08:45:36.410Z"}
{"abortSignal":{},"level":"debug","message":"Making GET request to /v1/codebase/019ae361-dd15-73b1-96b0-a1f3ce19b4d8/issues?branchName=main","timestamp":"2025-12-03T08:45:36.411Z"}
{"abortSignal":{},"level":"debug","message":"Making GET request to /v1/scan-workflows/019ae362-005c-7226-bbfc-69425e1002cd/status","timestamp":"2025-12-03T08:45:39.337Z"}
{"abortSignal":{},"level":"debug","message":"Making GET request to /v1/codebase/019ae361-dcf4-7052-8c5a-208045c188db/files?branchName=main","timestamp":"2025-12-03T08:45:39.424Z"}
{"abortSignal":{},"level":"debug","message":"Making GET request to /v1/codebase/019ae361-dcf4-7052-8c5a-208045c188db/issues?branchName=main","timestamp":"2025-12-03T08:45:39.425Z"}
{"abortSignal":{},"level":"debug","message":"Making GET request to /v1/scan-workflows/019ae362-0032-74c8-ad57-544b900e2b4a/status","timestamp":"2025-12-03T08:45:39.783Z"}
{"abortSignal":{},"level":"debug","message":"Making GET request to /v1/codebase/019ae361-dd15-73b1-96b0-a1f3ce19b4d8/files?branchName=main","timestamp":"2025-12-03T08:45:39.867Z"}
{"abortSignal":{},"level":"debug","message":"Making GET request to /v1/codebase/019ae361-dd15-73b1-96b0-a1f3ce19b4d8/issues?branchName=main","timestamp":"2025-12-03T08:45:39.867Z"}
{"abortSignal":{},"level":"debug","message":"Making GET request to /v1/scan-workflows/019ae362-005c-7226-bbfc-69425e1002cd/status","timestamp":"2025-12-03T08:45:42.798Z"}
{"abortSignal":{},"level":"debug","message":"Making GET request to /v1/codebase/019ae361-dcf4-7052-8c5a-208045c188db/files?branchName=main","timestamp":"2025-12-03T08:45:42.893Z"}
{"abortSignal":{},"level":"debug","message":"Making GET request to /v1/codebase/019ae361-dcf4-7052-8c5a-208045c188db/issues?branchName=main","timestamp":"2025-12-03T08:45:42.894Z"}
{"abortSignal":{},"level":"debug","message":"Making GET request to /v1/scan-workflows/019ae362-0032-74c8-ad57-544b900e2b4a/status","timestamp":"2025-12-03T08:45:43.236Z"}
{"abortSignal":{},"level":"debug","message":"Making GET request to /v1/codebase/019ae361-dd15-73b1-96b0-a1f3ce19b4d8/files?branchName=main","timestamp":"2025-12-03T08:45:43.334Z"}
{"abortSignal":{},"level":"debug","message":"Making GET request to /v1/codebase/019ae361-dd15-73b1-96b0-a1f3ce19b4d8/issues?branchName=main","timestamp":"2025-12-03T08:45:43.336Z"}
{"abortSignal":{},"level":"debug","message":"Making GET request to /v1/scan-workflows/019ae362-005c-7226-bbfc-69425e1002cd/status","timestamp":"2025-12-03T08:45:46.265Z"}
{"abortSignal":{},"level":"debug","message":"Making GET request to /v1/codebase/019ae361-dcf4-7052-8c5a-208045c188db/files?branchName=main","timestamp":"2025-12-03T08:45:46.349Z"}
{"abortSignal":{},"level":"debug","message":"Making GET request to /v1/codebase/019ae361-dcf4-7052-8c5a-208045c188db/issues?branchName=main","timestamp":"2025-12-03T08:45:46.349Z"}
{"abortSignal":{},"level":"debug","message":"Making GET request to /v1/scan-workflows/019ae362-0032-74c8-ad57-544b900e2b4a/status","timestamp":"2025-12-03T08:45:46.712Z"}
{"abortSignal":{},"level":"debug","message":"Making GET request to /v1/codebase/019ae361-dd15-73b1-96b0-a1f3ce19b4d8/files?branchName=main","timestamp":"2025-12-03T08:45:46.792Z"}
{"abortSignal":{},"level":"debug","message":"Making GET request to /v1/codebase/019ae361-dd15-73b1-96b0-a1f3ce19b4d8/issues?branchName=main","timestamp":"2025-12-03T08:45:46.792Z"}
{"abortSignal":{},"level":"debug","message":"Making GET request to /v1/scan-workflows/019ae362-005c-7226-bbfc-69425e1002cd/status","timestamp":"2025-12-03T08:45:49.722Z"}
{"abortSignal":{},"level":"debug","message":"Making GET request to /v1/codebase/019ae361-dcf4-7052-8c5a-208045c188db/files?branchName=main","timestamp":"2025-12-03T08:45:49.803Z"}
{"abortSignal":{},"level":"debug","message":"Making GET request to /v1/codebase/019ae361-dcf4-7052-8c5a-208045c188db/issues?branchName=main","timestamp":"2025-12-03T08:45:49.803Z"}
{"abortSignal":{},"level":"debug","message":"Making GET request to /v1/scan-workflows/019ae362-0032-74c8-ad57-544b900e2b4a/status","timestamp":"2025-12-03T08:45:50.165Z"}
{"abortSignal":{},"level":"debug","message":"Making GET request to /v1/codebase/019ae361-dd15-73b1-96b0-a1f3ce19b4d8/files?branchName=main","timestamp":"2025-12-03T08:45:50.253Z"}
{"abortSignal":{},"level":"debug","message":"Making GET request to /v1/codebase/019ae361-dd15-73b1-96b0-a1f3ce19b4d8/issues?branchName=main","timestamp":"2025-12-03T08:45:50.254Z"}
{"abortSignal":{},"level":"debug","message":"Making GET request to /v1/scan-workflows/019ae362-005c-7226-bbfc-69425e1002cd/status","timestamp":"2025-12-03T08:45:53.182Z"}
{"abortSignal":{},"level":"debug","message":"Making GET request to /v1/codebase/019ae361-dcf4-7052-8c5a-208045c188db/files?branchName=main","timestamp":"2025-12-03T08:45:53.264Z"}
{"abortSignal":{},"level":"debug","message":"Making GET request to /v1/codebase/019ae361-dcf4-7052-8c5a-208045c188db/issues?branchName=main","timestamp":"2025-12-03T08:45:53.264Z"}
{"abortSignal":{},"level":"debug","message":"Making GET request to /v1/scan-workflows/019ae362-0032-74c8-ad57-544b900e2b4a/status","timestamp":"2025-12-03T08:45:53.618Z"}
{"abortSignal":{},"level":"debug","message":"Making GET request to /v1/codebase/019ae361-dd15-73b1-96b0-a1f3ce19b4d8/files?branchName=main","timestamp":"2025-12-03T08:45:53.710Z"}
{"abortSignal":{},"level":"debug","message":"Making GET request to /v1/codebase/019ae361-dd15-73b1-96b0-a1f3ce19b4d8/issues?branchName=main","timestamp":"2025-12-03T08:45:53.711Z"}
{"abortSignal":{},"level":"debug","message":"Making GET request to /v1/scan-workflows/019ae362-005c-7226-bbfc-69425e1002cd/status","timestamp":"2025-12-03T08:45:56.638Z"}
{"abortSignal":{},"level":"debug","message":"Making GET request to /v1/codebase/019ae361-dcf4-7052-8c5a-208045c188db/files?branchName=main","timestamp":"2025-12-03T08:45:56.720Z"}
{"abortSignal":{},"level":"debug","message":"Making GET request to /v1/codebase/019ae361-dcf4-7052-8c5a-208045c188db/issues?branchName=main","timestamp":"2025-12-03T08:45:56.721Z"}
{"abortSignal":{},"level":"debug","message":"Making GET request to /v1/scan-workflows/019ae362-0032-74c8-ad57-544b900e2b4a/status","timestamp":"2025-12-03T08:45:57.078Z"}
{"abortSignal":{},"level":"debug","message":"Making GET request to /v1/codebase/019ae361-dd15-73b1-96b0-a1f3ce19b4d8/files?branchName=main","timestamp":"2025-12-03T08:45:57.164Z"}
{"abortSignal":{},"level":"debug","message":"Making GET request to /v1/codebase/019ae361-dd15-73b1-96b0-a1f3ce19b4d8/issues?branchName=main","timestamp":"2025-12-03T08:45:57.164Z"}
{"abortSignal":{},"level":"debug","message":"Making GET request to /v1/scan-workflows/019ae362-005c-7226-bbfc-69425e1002cd/status","timestamp":"2025-12-03T08:46:00.092Z"}
{"abortSignal":{},"level":"debug","message":"Making GET request to /v1/codebase/019ae361-dcf4-7052-8c5a-208045c188db/files?branchName=main","timestamp":"2025-12-03T08:46:00.173Z"}
{"abortSignal":{},"level":"debug","message":"Making GET request to /v1/codebase/019ae361-dcf4-7052-8c5a-208045c188db/issues?branchName=main","timestamp":"2025-12-03T08:46:00.173Z"}
{"abortSignal":{},"level":"debug","message":"Making GET request to /v1/scan-workflows/019ae362-0032-74c8-ad57-544b900e2b4a/status","timestamp":"2025-12-03T08:46:00.538Z"}
{"abortSignal":{},"level":"debug","message":"Making GET request to /v1/codebase/019ae361-dd15-73b1-96b0-a1f3ce19b4d8/files?branchName=main","timestamp":"2025-12-03T08:46:00.628Z"}
{"abortSignal":{},"level":"debug","message":"Making GET request to /v1/codebase/019ae361-dd15-73b1-96b0-a1f3ce19b4d8/issues?branchName=main","timestamp":"2025-12-03T08:46:00.629Z"}
{"abortSignal":{},"level":"debug","message":"Making GET request to /v1/scan-workflows/019ae362-005c-7226-bbfc-69425e1002cd/status","timestamp":"2025-12-03T08:46:03.557Z"}
{"abortSignal":{},"level":"debug","message":"Making GET request to /v1/codebase/019ae361-dcf4-7052-8c5a-208045c188db/files?branchName=main","timestamp":"2025-12-03T08:46:03.636Z"}
{"abortSignal":{},"level":"debug","message":"Making GET request to /v1/codebase/019ae361-dcf4-7052-8c5a-208045c188db/issues?branchName=main","timestamp":"2025-12-03T08:46:03.637Z"}
{"abortSignal":{},"level":"debug","message":"Making GET request to /v1/scan-workflows/019ae362-0032-74c8-ad57-544b900e2b4a/status","timestamp":"2025-12-03T08:46:04.001Z"}
{"abortSignal":{},"level":"debug","message":"Making GET request to /v1/codebase/019ae361-dd15-73b1-96b0-a1f3ce19b4d8/files?branchName=main","timestamp":"2025-12-03T08:46:04.083Z"}
{"abortSignal":{},"level":"debug","message":"Making GET request to /v1/codebase/019ae361-dd15-73b1-96b0-a1f3ce19b4d8/issues?branchName=main","timestamp":"2025-12-03T08:46:04.084Z"}
{"abortSignal":{},"level":"debug","message":"Making GET request to /v1/scan-workflows/019ae362-005c-7226-bbfc-69425e1002cd/status","timestamp":"2025-12-03T08:46:07.002Z"}
{"abortSignal":{},"level":"debug","message":"Making GET request to /v1/codebase/019ae361-dcf4-7052-8c5a-208045c188db/files?branchName=main","timestamp":"2025-12-03T08:46:07.085Z"}
{"abortSignal":{},"level":"debug","message":"Making GET request to /v1/codebase/019ae361-dcf4-7052-8c5a-208045c188db/issues?branchName=main","timestamp":"2025-12-03T08:46:07.085Z"}
{"abortSignal":{},"level":"debug","message":"Making GET request to /v1/scan-workflows/019ae362-0032-74c8-ad57-544b900e2b4a/status","timestamp":"2025-12-03T08:46:07.459Z"}
{"abortSignal":{},"level":"debug","message":"Making GET request to /v1/codebase/019ae361-dd15-73b1-96b0-a1f3ce19b4d8/files?branchName=main","timestamp":"2025-12-03T08:46:07.542Z"}
{"abortSignal":{},"level":"debug","message":"Making GET request to /v1/codebase/019ae361-dd15-73b1-96b0-a1f3ce19b4d8/issues?branchName=main","timestamp":"2025-12-03T08:46:07.543Z"}
{"abortSignal":{},"level":"debug","message":"Making GET request to /v1/scan-workflows/019ae362-005c-7226-bbfc-69425e1002cd/status","timestamp":"2025-12-03T08:46:10.456Z"}
{"abortSignal":{},"level":"debug","message":"Making GET request to /v1/codebase/019ae361-dcf4-7052-8c5a-208045c188db/files?branchName=main","timestamp":"2025-12-03T08:46:10.537Z"}
{"abortSignal":{},"level":"debug","message":"Making GET request to /v1/codebase/019ae361-dcf4-7052-8c5a-208045c188db/issues?branchName=main","timestamp":"2025-12-03T08:46:10.538Z"}
{"abortSignal":{},"level":"debug","message":"Making GET request to /v1/scan-workflows/019ae362-0032-74c8-ad57-544b900e2b4a/status","timestamp":"2025-12-03T08:46:10.916Z"}
{"abortSignal":{},"level":"debug","message":"Making GET request to /v1/codebase/019ae361-dd15-73b1-96b0-a1f3ce19b4d8/files?branchName=main","timestamp":"2025-12-03T08:46:10.998Z"}
{"abortSignal":{},"level":"debug","message":"Making GET request to /v1/codebase/019ae361-dd15-73b1-96b0-a1f3ce19b4d8/issues?branchName=main","timestamp":"2025-12-03T08:46:10.999Z"}
{"abortSignal":{},"level":"debug","message":"Making GET request to /v1/scan-workflows/019ae362-005c-7226-bbfc-69425e1002cd/status","timestamp":"2025-12-03T08:46:13.910Z"}
{"abortSignal":{},"level":"debug","message":"Making GET request to /v1/codebase/019ae361-dcf4-7052-8c5a-208045c188db/files?branchName=main","timestamp":"2025-12-03T08:46:13.993Z"}
{"abortSignal":{},"level":"debug","message":"Making GET request to /v1/codebase/019ae361-dcf4-7052-8c5a-208045c188db/issues?branchName=main","timestamp":"2025-12-03T08:46:13.994Z"}
{"abortSignal":{},"level":"debug","message":"Making GET request to /v1/scan-workflows/019ae362-0032-74c8-ad57-544b900e2b4a/status","timestamp":"2025-12-03T08:46:14.369Z"}
{"abortSignal":{},"level":"debug","message":"Making GET request to /v1/codebase/019ae361-dd15-73b1-96b0-a1f3ce19b4d8/files?branchName=main","timestamp":"2025-12-03T08:46:14.449Z"}
{"abortSignal":{},"level":"debug","message":"Making GET request to /v1/codebase/019ae361-dd15-73b1-96b0-a1f3ce19b4d8/issues?branchName=main","timestamp":"2025-12-03T08:46:14.449Z"}
{"abortSignal":{},"level":"debug","message":"Making GET request to /v1/scan-workflows/019ae362-005c-7226-bbfc-69425e1002cd/status","timestamp":"2025-12-03T08:46:17.361Z"}
{"abortSignal":{},"level":"debug","message":"Making GET request to /v1/codebase/019ae361-dcf4-7052-8c5a-208045c188db/files?branchName=main","timestamp":"2025-12-03T08:46:17.444Z"}
{"abortSignal":{},"level":"debug","message":"Making GET request to /v1/codebase/019ae361-dcf4-7052-8c5a-208045c188db/issues?branchName=main","timestamp":"2025-12-03T08:46:17.444Z"}
{"abortSignal":{},"level":"debug","message":"Making GET request to /v1/scan-workflows/019ae362-0032-74c8-ad57-544b900e2b4a/status","timestamp":"2025-12-03T08:46:17.819Z"}
{"abortSignal":{},"level":"debug","message":"Making GET request to /v1/codebase/019ae361-dd15-73b1-96b0-a1f3ce19b4d8/files?branchName=main","timestamp":"2025-12-03T08:46:17.899Z"}
{"abortSignal":{},"level":"debug","message":"Making GET request to /v1/codebase/019ae361-dd15-73b1-96b0-a1f3ce19b4d8/issues?branchName=main","timestamp":"2025-12-03T08:46:17.899Z"}
{"abortSignal":{},"level":"debug","message":"Making GET request to /v1/scan-workflows/019ae362-005c-7226-bbfc-69425e1002cd/status","timestamp":"2025-12-03T08:46:20.819Z"}
{"abortSignal":{},"level":"debug","message":"Making GET request to /v1/codebase/019ae361-dcf4-7052-8c5a-208045c188db/files?branchName=main","timestamp":"2025-12-03T08:46:20.902Z"}
{"abortSignal":{},"level":"debug","message":"Making GET request to /v1/codebase/019ae361-dcf4-7052-8c5a-208045c188db/issues?branchName=main","timestamp":"2025-12-03T08:46:20.903Z"}
{"abortSignal":{},"level":"debug","message":"Making GET request to /v1/scan-workflows/019ae362-0032-74c8-ad57-544b900e2b4a/status","timestamp":"2025-12-03T08:46:21.261Z"}
{"abortSignal":{},"level":"debug","message":"Making GET request to /v1/codebase/019ae361-dd15-73b1-96b0-a1f3ce19b4d8/files?branchName=main","timestamp":"2025-12-03T08:46:21.352Z"}
{"abortSignal":{},"level":"debug","message":"Making GET request to /v1/codebase/019ae361-dd15-73b1-96b0-a1f3ce19b4d8/issues?branchName=main","timestamp":"2025-12-03T08:46:21.353Z"}
{"abortSignal":{},"level":"debug","message":"Making GET request to /v1/scan-workflows/019ae362-005c-7226-bbfc-69425e1002cd/status","timestamp":"2025-12-03T08:46:24.283Z"}
{"abortSignal":{},"level":"debug","message":"Making GET request to /v1/codebase/019ae361-dcf4-7052-8c5a-208045c188db/files?branchName=main","timestamp":"2025-12-03T08:46:24.365Z"}
{"abortSignal":{},"level":"debug","message":"Making GET request to /v1/codebase/019ae361-dcf4-7052-8c5a-208045c188db/issues?branchName=main","timestamp":"2025-12-03T08:46:24.365Z"}
{"abortSignal":{},"level":"debug","message":"Making GET request to /v1/scan-workflows/019ae362-0032-74c8-ad57-544b900e2b4a/status","timestamp":"2025-12-03T08:46:24.723Z"}
{"abortSignal":{},"level":"debug","message":"Making GET request to /v1/codebase/019ae361-dd15-73b1-96b0-a1f3ce19b4d8/files?branchName=main","timestamp":"2025-12-03T08:46:24.822Z"}
{"abortSignal":{},"level":"debug","message":"Making GET request to /v1/codebase/019ae361-dd15-73b1-96b0-a1f3ce19b4d8/issues?branchName=main","timestamp":"2025-12-03T08:46:24.822Z"}
{"abortSignal":{},"level":"debug","message":"Making GET request to /v1/scan-workflows/019ae362-005c-7226-bbfc-69425e1002cd/status","timestamp":"2025-12-03T08:46:27.754Z"}
{"abortSignal":{},"level":"debug","message":"Making GET request to /v1/codebase/019ae361-dcf4-7052-8c5a-208045c188db/files?branchName=main","timestamp":"2025-12-03T08:46:27.833Z"}
{"abortSignal":{},"level":"debug","message":"Making GET request to /v1/codebase/019ae361-dcf4-7052-8c5a-208045c188db/issues?branchName=main","timestamp":"2025-12-03T08:46:27.836Z"}
{"abortSignal":{},"level":"debug","message":"Making GET request to /v1/scan-workflows/019ae362-0032-74c8-ad57-544b900e2b4a/status","timestamp":"2025-12-03T08:46:28.183Z"}
{"abortSignal":{},"level":"debug","message":"Making GET request to /v1/codebase/019ae361-dd15-73b1-96b0-a1f3ce19b4d8/files?branchName=main","timestamp":"2025-12-03T08:46:28.285Z"}
{"abortSignal":{},"level":"debug","message":"Making GET request to /v1/codebase/019ae361-dd15-73b1-96b0-a1f3ce19b4d8/issues?branchName=main","timestamp":"2025-12-03T08:46:28.287Z"}
{"abortSignal":{},"level":"debug","message":"Making GET request to /v1/scan-workflows/019ae362-005c-7226-bbfc-69425e1002cd/status","timestamp":"2025-12-03T08:46:31.214Z"}
{"abortSignal":{},"level":"debug","message":"Making GET request to /v1/codebase/019ae361-dcf4-7052-8c5a-208045c188db/files?branchName=main","timestamp":"2025-12-03T08:46:31.294Z"}
{"abortSignal":{},"level":"debug","message":"Making GET request to /v1/codebase/019ae361-dcf4-7052-8c5a-208045c188db/issues?branchName=main","timestamp":"2025-12-03T08:46:31.294Z"}
{"abortSignal":{},"level":"debug","message":"Making GET request to /v1/scan-workflows/019ae362-0032-74c8-ad57-544b900e2b4a/status","timestamp":"2025-12-03T08:46:31.652Z"}
{"abortSignal":{},"level":"debug","message":"Making GET request to /v1/codebase/019ae361-dd15-73b1-96b0-a1f3ce19b4d8/files?branchName=main","timestamp":"2025-12-03T08:46:31.734Z"}
{"abortSignal":{},"level":"debug","message":"Making GET request to /v1/codebase/019ae361-dd15-73b1-96b0-a1f3ce19b4d8/issues?branchName=main","timestamp":"2025-12-03T08:46:31.734Z"}
{"abortSignal":{},"level":"debug","message":"Making GET request to /v1/scan-workflows/019ae362-005c-7226-bbfc-69425e1002cd/status","timestamp":"2025-12-03T08:46:34.661Z"}
{"abortSignal":{},"level":"debug","message":"Making GET request to /v1/codebase/019ae361-dcf4-7052-8c5a-208045c188db/files?branchName=main","timestamp":"2025-12-03T08:46:34.745Z"}
{"abortSignal":{},"level":"debug","message":"Making GET request to /v1/codebase/019ae361-dcf4-7052-8c5a-208045c188db/issues?branchName=main","timestamp":"2025-12-03T08:46:34.745Z"}
{"abortSignal":{},"level":"debug","message":"Making GET request to /v1/scan-workflows/019ae362-0032-74c8-ad57-544b900e2b4a/status","timestamp":"2025-12-03T08:46:35.101Z"}
{"abortSignal":{},"level":"debug","message":"Making GET request to /v1/codebase/019ae361-dd15-73b1-96b0-a1f3ce19b4d8/files?branchName=main","timestamp":"2025-12-03T08:46:35.222Z"}
{"abortSignal":{},"level":"debug","message":"Making GET request to /v1/codebase/019ae361-dd15-73b1-96b0-a1f3ce19b4d8/issues?branchName=main","timestamp":"2025-12-03T08:46:35.222Z"}
{"abortSignal":{},"level":"debug","message":"Making GET request to /v1/scan-workflows/019ae362-005c-7226-bbfc-69425e1002cd/status","timestamp":"2025-12-03T08:46:38.153Z"}
{"abortSignal":{},"level":"debug","message":"Making GET request to /v1/codebase/019ae361-dcf4-7052-8c5a-208045c188db/files?branchName=main","timestamp":"2025-12-03T08:46:38.231Z"}
{"abortSignal":{},"level":"debug","message":"Making GET request to /v1/codebase/019ae361-dcf4-7052-8c5a-208045c188db/issues?branchName=main","timestamp":"2025-12-03T08:46:38.232Z"}
{"abortSignal":{},"level":"debug","message":"Making GET request to /v1/scan-workflows/019ae362-0032-74c8-ad57-544b900e2b4a/status","timestamp":"2025-12-03T08:46:38.598Z"}
{"abortSignal":{},"level":"debug","message":"Making GET request to /v1/codebase/019ae361-dd15-73b1-96b0-a1f3ce19b4d8/files?branchName=main","timestamp":"2025-12-03T08:46:38.680Z"}
{"abortSignal":{},"level":"debug","message":"Making GET request to /v1/codebase/019ae361-dd15-73b1-96b0-a1f3ce19b4d8/issues?branchName=main","timestamp":"2025-12-03T08:46:38.681Z"}
{"abortSignal":{},"level":"debug","message":"Making GET request to /v1/scan-workflows/019ae362-005c-7226-bbfc-69425e1002cd/status","timestamp":"2025-12-03T08:46:41.601Z"}
{"abortSignal":{},"level":"debug","message":"Making GET request to /v1/codebase/019ae361-dcf4-7052-8c5a-208045c188db/files?branchName=main","timestamp":"2025-12-03T08:46:41.677Z"}
{"abortSignal":{},"level":"debug","message":"Making GET request to /v1/codebase/019ae361-dcf4-7052-8c5a-208045c188db/issues?branchName=main","timestamp":"2025-12-03T08:46:41.677Z"}
{"abortSignal":{},"level":"debug","message":"Making GET request to /v1/scan-workflows/019ae362-0032-74c8-ad57-544b900e2b4a/status","timestamp":"2025-12-03T08:46:42.051Z"}
{"abortSignal":{},"level":"debug","message":"Making GET request to /v1/codebase/019ae361-dd15-73b1-96b0-a1f3ce19b4d8/files?branchName=main","timestamp":"2025-12-03T08:46:42.135Z"}
{"abortSignal":{},"level":"debug","message":"Making GET request to /v1/codebase/019ae361-dd15-73b1-96b0-a1f3ce19b4d8/issues?branchName=main","timestamp":"2025-12-03T08:46:42.136Z"}
{"abortSignal":{},"level":"debug","message":"Making GET request to /v1/scan-workflows/019ae362-005c-7226-bbfc-69425e1002cd/status","timestamp":"2025-12-03T08:46:45.048Z"}
{"abortSignal":{},"level":"debug","message":"Making GET request to /v1/codebase/019ae361-dcf4-7052-8c5a-208045c188db/files?branchName=main","timestamp":"2025-12-03T08:46:45.122Z"}
{"abortSignal":{},"level":"debug","message":"Making GET request to /v1/codebase/019ae361-dcf4-7052-8c5a-208045c188db/issues?branchName=main","timestamp":"2025-12-03T08:46:45.122Z"}
{"abortSignal":{},"level":"debug","message":"Making GET request to /v1/scan-workflows/019ae362-0032-74c8-ad57-544b900e2b4a/status","timestamp":"2025-12-03T08:46:45.501Z"}
{"abortSignal":{},"level":"debug","message":"Making GET request to /v1/codebase/019ae361-dd15-73b1-96b0-a1f3ce19b4d8/files?branchName=main","timestamp":"2025-12-03T08:46:45.580Z"}
{"abortSignal":{},"level":"debug","message":"Making GET request to /v1/codebase/019ae361-dd15-73b1-96b0-a1f3ce19b4d8/issues?branchName=main","timestamp":"2025-12-03T08:46:45.581Z"}
{"abortSignal":{},"level":"debug","message":"Making GET request to /v1/scan-workflows/019ae362-005c-7226-bbfc-69425e1002cd/status","timestamp":"2025-12-03T08:46:48.490Z"}
{"abortSignal":{},"level":"debug","message":"Making GET request to /v1/codebase/019ae361-dcf4-7052-8c5a-208045c188db/files?branchName=main","timestamp":"2025-12-03T08:46:48.568Z"}
{"abortSignal":{},"level":"debug","message":"Making GET request to /v1/codebase/019ae361-dcf4-7052-8c5a-208045c188db/issues?branchName=main","timestamp":"2025-12-03T08:46:48.568Z"}
{"abortSignal":{},"level":"debug","message":"Making GET request to /v1/scan-workflows/019ae362-0032-74c8-ad57-544b900e2b4a/status","timestamp":"2025-12-03T08:46:48.951Z"}
{"abortSignal":{},"level":"debug","message":"Making GET request to /v1/codebase/019ae361-dd15-73b1-96b0-a1f3ce19b4d8/files?branchName=main","timestamp":"2025-12-03T08:46:49.028Z"}
{"abortSignal":{},"level":"debug","message":"Making GET request to /v1/codebase/019ae361-dd15-73b1-96b0-a1f3ce19b4d8/issues?branchName=main","timestamp":"2025-12-03T08:46:49.029Z"}
{"abortSignal":{},"level":"debug","message":"Making GET request to /v1/scan-workflows/019ae362-005c-7226-bbfc-69425e1002cd/status","timestamp":"2025-12-03T08:46:51.930Z"}
{"abortSignal":{},"level":"debug","message":"Making GET request to /v1/codebase/019ae361-dcf4-7052-8c5a-208045c188db/files?branchName=main","timestamp":"2025-12-03T08:46:52.015Z"}
{"abortSignal":{},"level":"debug","message":"Making GET request to /v1/codebase/019ae361-dcf4-7052-8c5a-208045c188db/issues?branchName=main","timestamp":"2025-12-03T08:46:52.015Z"}
{"abortSignal":{},"level":"debug","message":"Making GET request to /v1/scan-workflows/019ae362-0032-74c8-ad57-544b900e2b4a/status","timestamp":"2025-12-03T08:46:52.391Z"}
{"abortSignal":{},"level":"debug","message":"Making GET request to /v1/codebase/019ae361-dd15-73b1-96b0-a1f3ce19b4d8/files?branchName=main","timestamp":"2025-12-03T08:46:52.478Z"}
{"abortSignal":{},"level":"debug","message":"Making GET request to /v1/codebase/019ae361-dd15-73b1-96b0-a1f3ce19b4d8/issues?branchName=main","timestamp":"2025-12-03T08:46:52.478Z"}
{"abortSignal":{},"level":"debug","message":"Making GET request to /v1/scan-workflows/019ae362-005c-7226-bbfc-69425e1002cd/status","timestamp":"2025-12-03T08:46:55.410Z"}
{"abortSignal":{},"level":"debug","message":"Making GET request to /v1/codebase/019ae361-dcf4-7052-8c5a-208045c188db/files?branchName=main","timestamp":"2025-12-03T08:46:55.491Z"}
{"abortSignal":{},"level":"debug","message":"Making GET request to /v1/codebase/019ae361-dcf4-7052-8c5a-208045c188db/issues?branchName=main","timestamp":"2025-12-03T08:46:55.491Z"}
{"abortSignal":{},"level":"debug","message":"Making GET request to /v1/scan-workflows/019ae362-0032-74c8-ad57-544b900e2b4a/status","timestamp":"2025-12-03T08:46:55.846Z"}
{"abortSignal":{},"level":"debug","message":"Making GET request to /v1/codebase/019ae361-dd15-73b1-96b0-a1f3ce19b4d8/files?branchName=main","timestamp":"2025-12-03T08:46:55.930Z"}
{"abortSignal":{},"level":"debug","message":"Making GET request to /v1/codebase/019ae361-dd15-73b1-96b0-a1f3ce19b4d8/issues?branchName=main","timestamp":"2025-12-03T08:46:55.930Z"}
{"abortSignal":{},"level":"debug","message":"Making GET request to /v1/scan-workflows/019ae362-005c-7226-bbfc-69425e1002cd/status","timestamp":"2025-12-03T08:46:58.860Z"}
{"abortSignal":{},"level":"debug","message":"Making GET request to /v1/codebase/019ae361-dcf4-7052-8c5a-208045c188db/files?branchName=main","timestamp":"2025-12-03T08:46:58.942Z"}
{"abortSignal":{},"level":"debug","message":"Making GET request to /v1/codebase/019ae361-dcf4-7052-8c5a-208045c188db/issues?branchName=main","timestamp":"2025-12-03T08:46:58.942Z"}
{"abortSignal":{},"level":"debug","message":"Making GET request to /v1/scan-workflows/019ae362-0032-74c8-ad57-544b900e2b4a/status","timestamp":"2025-12-03T08:46:59.298Z"}
{"abortSignal":{},"level":"debug","message":"Making GET request to /v1/codebase/019ae361-dd15-73b1-96b0-a1f3ce19b4d8/files?branchName=main","timestamp":"2025-12-03T08:46:59.387Z"}
{"abortSignal":{},"level":"debug","message":"Making GET request to /v1/codebase/019ae361-dd15-73b1-96b0-a1f3ce19b4d8/issues?branchName=main","timestamp":"2025-12-03T08:46:59.387Z"}
{"abortSignal":{},"level":"debug","message":"Making GET request to /v1/scan-workflows/019ae362-005c-7226-bbfc-69425e1002cd/status","timestamp":"2025-12-03T08:47:02.326Z"}
{"abortSignal":{},"level":"debug","message":"Making GET request to /v1/codebase/019ae361-dcf4-7052-8c5a-208045c188db/files?branchName=main","timestamp":"2025-12-03T08:47:02.413Z"}
{"abortSignal":{},"level":"debug","message":"Making GET request to /v1/codebase/019ae361-dcf4-7052-8c5a-208045c188db/issues?branchName=main","timestamp":"2025-12-03T08:47:02.414Z"}
{"abortSignal":{},"level":"debug","message":"Making GET request to /v1/scan-workflows/019ae362-0032-74c8-ad57-544b900e2b4a/status","timestamp":"2025-12-03T08:47:02.756Z"}
{"abortSignal":{},"level":"debug","message":"Making GET request to /v1/codebase/019ae361-dd15-73b1-96b0-a1f3ce19b4d8/files?branchName=main","timestamp":"2025-12-03T08:47:02.854Z"}
{"abortSignal":{},"level":"debug","message":"Making GET request to /v1/codebase/019ae361-dd15-73b1-96b0-a1f3ce19b4d8/issues?branchName=main","timestamp":"2025-12-03T08:47:02.855Z"}
{"abortSignal":{},"level":"debug","message":"Making GET request to /v1/scan-workflows/019ae362-005c-7226-bbfc-69425e1002cd/status","timestamp":"2025-12-03T08:47:05.784Z"}
{"abortSignal":{},"level":"debug","message":"Making GET request to /v1/codebase/019ae361-dcf4-7052-8c5a-208045c188db/files?branchName=main","timestamp":"2025-12-03T08:47:05.863Z"}
{"abortSignal":{},"level":"debug","message":"Making GET request to /v1/codebase/019ae361-dcf4-7052-8c5a-208045c188db/issues?branchName=main","timestamp":"2025-12-03T08:47:05.864Z"}
{"abortSignal":{},"level":"debug","message":"Making GET request to /v1/scan-workflows/019ae362-0032-74c8-ad57-544b900e2b4a/status","timestamp":"2025-12-03T08:47:06.227Z"}
{"abortSignal":{},"level":"debug","message":"Making GET request to /v1/codebase/019ae361-dd15-73b1-96b0-a1f3ce19b4d8/files?branchName=main","timestamp":"2025-12-03T08:47:06.311Z"}
{"abortSignal":{},"level":"debug","message":"Making GET request to /v1/codebase/019ae361-dd15-73b1-96b0-a1f3ce19b4d8/issues?branchName=main","timestamp":"2025-12-03T08:47:06.312Z"}
{"abortSignal":{},"level":"debug","message":"Making GET request to /v1/scan-workflows/019ae362-005c-7226-bbfc-69425e1002cd/status","timestamp":"2025-12-03T08:47:09.233Z"}
{"abortSignal":{},"level":"debug","message":"Making GET request to /v1/codebase/019ae361-dcf4-7052-8c5a-208045c188db/files?branchName=main","timestamp":"2025-12-03T08:47:09.311Z"}
{"abortSignal":{},"level":"debug","message":"Making GET request to /v1/codebase/019ae361-dcf4-7052-8c5a-208045c188db/issues?branchName=main","timestamp":"2025-12-03T08:47:09.311Z"}
{"abortSignal":{},"level":"debug","message":"Making GET request to /v1/scan-workflows/019ae362-0032-74c8-ad57-544b900e2b4a/status","timestamp":"2025-12-03T08:47:09.680Z"}
{"abortSignal":{},"level":"debug","message":"Making GET request to /v1/codebase/019ae361-dd15-73b1-96b0-a1f3ce19b4d8/files?branchName=main","timestamp":"2025-12-03T08:47:09.829Z"}
{"abortSignal":{},"level":"debug","message":"Making GET request to /v1/codebase/019ae361-dd15-73b1-96b0-a1f3ce19b4d8/issues?branchName=main","timestamp":"2025-12-03T08:47:09.829Z"}
{"abortSignal":{},"level":"debug","message":"Making GET request to /v1/scan-workflows/019ae362-005c-7226-bbfc-69425e1002cd/status","timestamp":"2025-12-03T08:47:12.757Z"}
{"abortSignal":{},"level":"debug","message":"Making GET request to /v1/codebase/019ae361-dcf4-7052-8c5a-208045c188db/files?branchName=main","timestamp":"2025-12-03T08:47:12.840Z"}
{"abortSignal":{},"level":"debug","message":"Making GET request to /v1/codebase/019ae361-dcf4-7052-8c5a-208045c188db/issues?branchName=main","timestamp":"2025-12-03T08:47:12.840Z"}
{"abortSignal":{},"level":"debug","message":"Making GET request to /v1/scan-workflows/019ae362-0032-74c8-ad57-544b900e2b4a/status","timestamp":"2025-12-03T08:47:13.186Z"}
{"abortSignal":{},"level":"debug","message":"Making GET request to /v1/codebase/019ae361-dd15-73b1-96b0-a1f3ce19b4d8/files?branchName=main","timestamp":"2025-12-03T08:47:13.284Z"}
{"abortSignal":{},"level":"debug","message":"Making GET request to /v1/codebase/019ae361-dd15-73b1-96b0-a1f3ce19b4d8/issues?branchName=main","timestamp":"2025-12-03T08:47:13.285Z"}
{"abortSignal":{},"level":"debug","message":"Making GET request to /v1/scan-workflows/019ae362-005c-7226-bbfc-69425e1002cd/status","timestamp":"2025-12-03T08:47:16.214Z"}
{"abortSignal":{},"level":"debug","message":"Making GET request to /v1/codebase/019ae361-dcf4-7052-8c5a-208045c188db/files?branchName=main","timestamp":"2025-12-03T08:47:16.290Z"}
{"abortSignal":{},"level":"debug","message":"Making GET request to /v1/codebase/019ae361-dcf4-7052-8c5a-208045c188db/issues?branchName=main","timestamp":"2025-12-03T08:47:16.290Z"}
{"abortSignal":{},"level":"debug","message":"Making GET request to /v1/scan-workflows/019ae362-0032-74c8-ad57-544b900e2b4a/status","timestamp":"2025-12-03T08:47:16.664Z"}
{"abortSignal":{},"level":"debug","message":"Making GET request to /v1/codebase/019ae361-dd15-73b1-96b0-a1f3ce19b4d8/files?branchName=main","timestamp":"2025-12-03T08:47:16.740Z"}
{"abortSignal":{},"level":"debug","message":"Making GET request to /v1/codebase/019ae361-dd15-73b1-96b0-a1f3ce19b4d8/issues?branchName=main","timestamp":"2025-12-03T08:47:16.740Z"}
{"abortSignal":{},"level":"debug","message":"Making GET request to /v1/scan-workflows/019ae362-005c-7226-bbfc-69425e1002cd/status","timestamp":"2025-12-03T08:47:19.654Z"}
{"abortSignal":{},"level":"debug","message":"Making GET request to /v1/codebase/019ae361-dcf4-7052-8c5a-208045c188db/files?branchName=main","timestamp":"2025-12-03T08:47:19.738Z"}
{"abortSignal":{},"level":"debug","message":"Making GET request to /v1/codebase/019ae361-dcf4-7052-8c5a-208045c188db/issues?branchName=main","timestamp":"2025-12-03T08:47:19.738Z"}
{"abortSignal":{},"level":"debug","message":"Making GET request to /v1/scan-workflows/019ae362-0032-74c8-ad57-544b900e2b4a/status","timestamp":"2025-12-03T08:47:20.100Z"}
{"abortSignal":{},"level":"debug","message":"Making GET request to /v1/codebase/019ae361-dd15-73b1-96b0-a1f3ce19b4d8/files?branchName=main","timestamp":"2025-12-03T08:47:20.180Z"}
{"abortSignal":{},"level":"debug","message":"Making GET request to /v1/codebase/019ae361-dd15-73b1-96b0-a1f3ce19b4d8/issues?branchName=main","timestamp":"2025-12-03T08:47:20.180Z"}
{"level":"debug","message":"Making GET request to /v1/codebase/019ae361-dd15-73b1-96b0-a1f3ce19b4d8/issues?branchName=main","timestamp":"2025-12-03T08:47:20.553Z"}
{"abortSignal":{},"level":"debug","message":"Making GET request to /v1/scan-workflows/019ae362-005c-7226-bbfc-69425e1002cd/status","timestamp":"2025-12-03T08:47:23.111Z"}
{"abortSignal":{},"level":"debug","message":"Making GET request to /v1/codebase/019ae361-dcf4-7052-8c5a-208045c188db/files?branchName=main","timestamp":"2025-12-03T08:47:23.195Z"}
{"abortSignal":{},"level":"debug","message":"Making GET request to /v1/codebase/019ae361-dcf4-7052-8c5a-208045c188db/issues?branchName=main","timestamp":"2025-12-03T08:47:23.196Z"}
{"abortSignal":{},"level":"debug","message":"Making GET request to /v1/scan-workflows/019ae362-005c-7226-bbfc-69425e1002cd/status","timestamp":"2025-12-03T08:47:26.564Z"}
{"abortSignal":{},"level":"debug","message":"Making GET request to /v1/codebase/019ae361-dcf4-7052-8c5a-208045c188db/files?branchName=main","timestamp":"2025-12-03T08:47:26.646Z"}
{"abortSignal":{},"level":"debug","message":"Making GET request to /v1/codebase/019ae361-dcf4-7052-8c5a-208045c188db/issues?branchName=main","timestamp":"2025-12-03T08:47:26.646Z"}
{"abortSignal":{},"level":"debug","message":"Making GET request to /v1/scan-workflows/019ae362-005c-7226-bbfc-69425e1002cd/status","timestamp":"2025-12-03T08:47:30.025Z"}
{"abortSignal":{},"level":"debug","message":"Making GET request to /v1/codebase/019ae361-dcf4-7052-8c5a-208045c188db/files?branchName=main","timestamp":"2025-12-03T08:47:30.107Z"}
{"abortSignal":{},"level":"debug","message":"Making GET request to /v1/codebase/019ae361-dcf4-7052-8c5a-208045c188db/issues?branchName=main","timestamp":"2025-12-03T08:47:30.107Z"}
{"abortSignal":{},"level":"debug","message":"Making GET request to /v1/scan-workflows/019ae362-005c-7226-bbfc-69425e1002cd/status","timestamp":"2025-12-03T08:47:33.477Z"}
{"abortSignal":{},"level":"debug","message":"Making GET request to /v1/codebase/019ae361-dcf4-7052-8c5a-208045c188db/files?branchName=main","timestamp":"2025-12-03T08:47:33.562Z"}
{"abortSignal":{},"level":"debug","message":"Making GET request to /v1/codebase/019ae361-dcf4-7052-8c5a-208045c188db/issues?branchName=main","timestamp":"2025-12-03T08:47:33.562Z"}
{"abortSignal":{},"level":"debug","message":"Making GET request to /v1/scan-workflows/019ae362-005c-7226-bbfc-69425e1002cd/status","timestamp":"2025-12-03T08:47:36.941Z"}
{"abortSignal":{},"level":"debug","message":"Making GET request to /v1/codebase/019ae361-dcf4-7052-8c5a-208045c188db/files?branchName=main","timestamp":"2025-12-03T08:47:37.021Z"}
{"abortSignal":{},"level":"debug","message":"Making GET request to /v1/codebase/019ae361-dcf4-7052-8c5a-208045c188db/issues?branchName=main","timestamp":"2025-12-03T08:47:37.022Z"}
{"abortSignal":{},"level":"debug","message":"Making GET request to /v1/scan-workflows/019ae362-005c-7226-bbfc-69425e1002cd/status","timestamp":"2025-12-03T08:47:40.453Z"}
{"abortSignal":{},"level":"debug","message":"Making GET request to /v1/codebase/019ae361-dcf4-7052-8c5a-208045c188db/files?branchName=main","timestamp":"2025-12-03T08:47:40.536Z"}
{"abortSignal":{},"level":"debug","message":"Making GET request to /v1/codebase/019ae361-dcf4-7052-8c5a-208045c188db/issues?branchName=main","timestamp":"2025-12-03T08:47:40.536Z"}
{"abortSignal":{},"level":"debug","message":"Making GET request to /v1/scan-workflows/019ae362-005c-7226-bbfc-69425e1002cd/status","timestamp":"2025-12-03T08:47:43.978Z"}
{"abortSignal":{},"level":"debug","message":"Making GET request to /v1/codebase/019ae361-dcf4-7052-8c5a-208045c188db/files?branchName=main","timestamp":"2025-12-03T08:47:44.063Z"}
{"abortSignal":{},"level":"debug","message":"Making GET request to /v1/codebase/019ae361-dcf4-7052-8c5a-208045c188db/issues?branchName=main","timestamp":"2025-12-03T08:47:44.063Z"}
{"abortSignal":{},"level":"debug","message":"Making GET request to /v1/scan-workflows/019ae362-005c-7226-bbfc-69425e1002cd/status","timestamp":"2025-12-03T08:47:47.460Z"}
{"abortSignal":{},"level":"debug","message":"Making GET request to /v1/codebase/019ae361-dcf4-7052-8c5a-208045c188db/files?branchName=main","timestamp":"2025-12-03T08:47:47.610Z"}
{"abortSignal":{},"level":"debug","message":"Making GET request to /v1/codebase/019ae361-dcf4-7052-8c5a-208045c188db/issues?branchName=main","timestamp":"2025-12-03T08:47:47.610Z"}
{"abortSignal":{},"level":"debug","message":"Making GET request to /v1/scan-workflows/019ae362-005c-7226-bbfc-69425e1002cd/status","timestamp":"2025-12-03T08:47:51.005Z"}
{"abortSignal":{},"level":"debug","message":"Making GET request to /v1/codebase/019ae361-dcf4-7052-8c5a-208045c188db/files?branchName=main","timestamp":"2025-12-03T08:47:51.125Z"}
{"abortSignal":{},"level":"debug","message":"Making GET request to /v1/codebase/019ae361-dcf4-7052-8c5a-208045c188db/issues?branchName=main","timestamp":"2025-12-03T08:47:51.126Z"}
{"abortSignal":{},"level":"debug","message":"Making GET request to /v1/scan-workflows/019ae362-005c-7226-bbfc-69425e1002cd/status","timestamp":"2025-12-03T08:47:54.535Z"}
{"abortSignal":{},"level":"debug","message":"Making GET request to /v1/codebase/019ae361-dcf4-7052-8c5a-208045c188db/files?branchName=main","timestamp":"2025-12-03T08:47:54.622Z"}
{"abortSignal":{},"level":"debug","message":"Making GET request to /v1/codebase/019ae361-dcf4-7052-8c5a-208045c188db/issues?branchName=main","timestamp":"2025-12-03T08:47:54.622Z"}
{"abortSignal":{},"level":"debug","message":"Making GET request to /v1/scan-workflows/019ae362-005c-7226-bbfc-69425e1002cd/status","timestamp":"2025-12-03T08:47:57.990Z"}
{"abortSignal":{},"level":"debug","message":"Making GET request to /v1/codebase/019ae361-dcf4-7052-8c5a-208045c188db/files?branchName=main","timestamp":"2025-12-03T08:47:58.079Z"}
{"abortSignal":{},"level":"debug","message":"Making GET request to /v1/codebase/019ae361-dcf4-7052-8c5a-208045c188db/issues?branchName=main","timestamp":"2025-12-03T08:47:58.079Z"}
{"abortSignal":{},"level":"debug","message":"Making GET request to /v1/scan-workflows/019ae362-005c-7226-bbfc-69425e1002cd/status","timestamp":"2025-12-03T08:48:01.491Z"}
{"abortSignal":{},"level":"debug","message":"Making GET request to /v1/codebase/019ae361-dcf4-7052-8c5a-208045c188db/files?branchName=main","timestamp":"2025-12-03T08:48:01.592Z"}
{"abortSignal":{},"level":"debug","message":"Making GET request to /v1/codebase/019ae361-dcf4-7052-8c5a-208045c188db/issues?branchName=main","timestamp":"2025-12-03T08:48:01.592Z"}
{"abortSignal":{},"level":"debug","message":"Making GET request to /v1/scan-workflows/019ae362-005c-7226-bbfc-69425e1002cd/status","timestamp":"2025-12-03T08:48:05.001Z"}
{"abortSignal":{},"level":"debug","message":"Making GET request to /v1/codebase/019ae361-dcf4-7052-8c5a-208045c188db/files?branchName=main","timestamp":"2025-12-03T08:48:05.195Z"}
{"abortSignal":{},"level":"debug","message":"Making GET request to /v1/codebase/019ae361-dcf4-7052-8c5a-208045c188db/issues?branchName=main","timestamp":"2025-12-03T08:48:05.195Z"}
{"abortSignal":{},"level":"debug","message":"Making GET request to /v1/scan-workflows/019ae362-005c-7226-bbfc-69425e1002cd/status","timestamp":"2025-12-03T08:48:08.577Z"}
{"abortSignal":{},"level":"debug","message":"Making GET request to /v1/codebase/019ae361-dcf4-7052-8c5a-208045c188db/files?branchName=main","timestamp":"2025-12-03T08:48:08.698Z"}
{"abortSignal":{},"level":"debug","message":"Making GET request to /v1/codebase/019ae361-dcf4-7052-8c5a-208045c188db/issues?branchName=main","timestamp":"2025-12-03T08:48:08.699Z"}
{"abortSignal":{},"level":"debug","message":"Making GET request to /v1/scan-workflows/019ae362-005c-7226-bbfc-69425e1002cd/status","timestamp":"2025-12-03T08:48:12.069Z"}
{"abortSignal":{},"level":"debug","message":"Making GET request to /v1/codebase/019ae361-dcf4-7052-8c5a-208045c188db/files?branchName=main","timestamp":"2025-12-03T08:48:12.144Z"}
{"abortSignal":{},"level":"debug","message":"Making GET request to /v1/codebase/019ae361-dcf4-7052-8c5a-208045c188db/issues?branchName=main","timestamp":"2025-12-03T08:48:12.145Z"}
{"level":"debug","message":"Making GET request to /v1/codebase/019ae361-dcf4-7052-8c5a-208045c188db/issues?branchName=main","timestamp":"2025-12-03T08:48:12.519Z"}
{"error":{"cmd":"cd /Users/xnerhu/projects/vidoc/express-master/examples/auth && git rev-parse HEAD","code":128,"killed":false,"signal":null,"stderr":"fatal: not a git repository (or any of the parent directories): .git\n","stdout":""},"level":"error","message":"Error getting repository info:","timestamp":"2025-12-03T08:49:17.585Z"}
{"error":{"cmd":"cd /Users/xnerhu/projects/vidoc/express-master/examples/auth && git rev-parse --show-toplevel","code":128,"killed":false,"signal":null,"stderr":"fatal: not a git repository (or any of the parent directories): .git\n","stdout":""},"level":"error","message":"Error getting repository info:","timestamp":"2025-12-03T08:49:17.585Z"}
{"level":"debug","message":"Scanning directory /Users/xnerhu/projects/vidoc/express-master/examples/auth, rootDir: /Users/xnerhu/projects/vidoc/express-master/examples/auth","timestamp":"2025-12-03T08:49:17.588Z"}
{"level":"debug","message":"Making POST request to /v1/codebase","timestamp":"2025-12-03T08:49:17.588Z"}
{"level":"debug","message":"Scanning directory /Users/xnerhu/projects/vidoc/express-master/examples/auth, rootDir: /Users/xnerhu/projects/vidoc/express-master/examples/auth","timestamp":"2025-12-03T08:49:17.588Z"}
{"level":"debug","message":"Making POST request to /v1/codebase","timestamp":"2025-12-03T08:49:17.588Z"}
{"level":"debug","message":"Making POST request to /v1/codebase","timestamp":"2025-12-03T08:49:19.152Z"}
{"level":"debug","message":"Making POST request to /v1/codebase","timestamp":"2025-12-03T08:49:19.223Z"}
{"level":"debug","message":"Codebase created: 019ae361-dcf4-7052-8c5a-208045c188db, branch: main, name: auth","timestamp":"2025-12-03T08:49:19.261Z"}
{"error":"Command failed: cd /Users/xnerhu/projects/vidoc/express-master/examples/auth && git ls-tree -r HEAD --full-tree\nfatal: not a git repository (or any of the parent directories): .git","level":"debug","message":"Error getting repository files:","timestamp":"2025-12-03T08:49:19.302Z"}
{"level":"debug","message":"Codebase created: 019ae361-dcf4-7052-8c5a-208045c188db, branch: main, name: auth","timestamp":"2025-12-03T08:49:19.332Z"}
{"level":"debug","message":"No language found for file: views/head.ejs","timestamp":"2025-12-03T08:49:19.362Z"}
{"error":"Command failed: cd /Users/xnerhu/projects/vidoc/express-master/examples/auth && git ls-tree -r HEAD --full-tree\nfatal: not a git repository (or any of the parent directories): .git","level":"debug","message":"Error getting repository files:","timestamp":"2025-12-03T08:49:19.364Z"}
{"level":"debug","message":"No language found for file: views/foot.ejs","timestamp":"2025-12-03T08:49:19.362Z"}
{"level":"debug","message":"No language found for file: views/login.ejs","timestamp":"2025-12-03T08:49:19.362Z"}
{"level":"debug","message":"Making POST request to /v1/codebase/019ae361-dcf4-7052-8c5a-208045c188db/sync","timestamp":"2025-12-03T08:49:19.362Z"}
{"level":"debug","message":"No language found for file: views/head.ejs","timestamp":"2025-12-03T08:49:19.423Z"}
{"level":"debug","message":"No language found for file: views/foot.ejs","timestamp":"2025-12-03T08:49:19.424Z"}
{"level":"debug","message":"No language found for file: views/login.ejs","timestamp":"2025-12-03T08:49:19.424Z"}
{"level":"debug","message":"Making POST request to /v1/codebase/019ae361-dcf4-7052-8c5a-208045c188db/sync","timestamp":"2025-12-03T08:49:19.424Z"}
{"level":"debug","message":"syncCodebaseResponse: [\n  \"index.js\"\n]","timestamp":"2025-12-03T08:49:19.946Z"}
{"level":"debug","message":"filesToPreprocess: {\n  \"forceReindex\": false,\n  \"filesToPreprocess\": [\n    {\n      \"path\": \"index.js\",\n      \"version\": \"af1d04f1bbddbd9b62439a351d5e945f3ae80eb2b932dcf5e96773f37f8773dc\",\n      \"language\": \"javascript\"\n    }\n  ]\n}","timestamp":"2025-12-03T08:49:19.946Z"}
{"level":"debug","message":"Making GET request to /indexing-config","timestamp":"2025-12-03T08:49:19.959Z"}
{"followRedirects":true,"level":"debug","message":"Making POST request to /index-file","timestamp":"2025-12-03T08:49:19.965Z"}
{"level":"debug","message":"syncCodebaseResponse: [\n  \"index.js\"\n]","timestamp":"2025-12-03T08:49:20.049Z"}
{"level":"debug","message":"filesToPreprocess: {\n  \"forceReindex\": false,\n  \"filesToPreprocess\": [\n    {\n      \"path\": \"index.js\",\n      \"version\": \"af1d04f1bbddbd9b62439a351d5e945f3ae80eb2b932dcf5e96773f37f8773dc\",\n      \"language\": \"javascript\"\n    }\n  ]\n}","timestamp":"2025-12-03T08:49:20.049Z"}
{"level":"debug","message":"Making GET request to /indexing-config","timestamp":"2025-12-03T08:49:20.057Z"}
{"followRedirects":true,"level":"debug","message":"Making POST request to /index-file","timestamp":"2025-12-03T08:49:20.062Z"}
{"level":"debug","message":"Preprocessing took 5.90s","timestamp":"2025-12-03T08:49:25.850Z"}
{"level":"debug","message":"Making POST request to /v1/codebase/019ae361-dcf4-7052-8c5a-208045c188db/sync","timestamp":"2025-12-03T08:49:25.850Z"}
{"level":"debug","message":"filesToReindex2: 0, files: 1","timestamp":"2025-12-03T08:49:26.233Z"}
{"level":"debug","message":"syncCodebaseResponse2: []","timestamp":"2025-12-03T08:49:26.233Z"}
{"level":"debug","message":"Making GET request to /v1/codebase/019ae361-dcf4-7052-8c5a-208045c188db/files?branchName=main","timestamp":"2025-12-03T08:49:26.234Z"}
{"level":"debug","message":"Making GET request to /v1/codebase/019ae361-dcf4-7052-8c5a-208045c188db/files?branchName=main","timestamp":"2025-12-03T08:49:26.355Z"}
{"level":"debug","message":"Making POST request to /v1/scan-workflows/start","timestamp":"2025-12-03T08:49:26.470Z"}
{"level":"debug","message":"Preprocessing took 6.97s","timestamp":"2025-12-03T08:49:27.017Z"}
{"level":"debug","message":"Making POST request to /v1/codebase/019ae361-dcf4-7052-8c5a-208045c188db/sync","timestamp":"2025-12-03T08:49:27.017Z"}
{"abortSignal":{},"level":"debug","message":"Making GET request to /v1/scan-workflows/019ae366-f5be-74fc-b59a-be9e1ac95103/status","timestamp":"2025-12-03T08:49:27.166Z"}
{"abortSignal":{},"level":"debug","message":"Making GET request to /v1/codebase/019ae361-dcf4-7052-8c5a-208045c188db/files?branchName=main","timestamp":"2025-12-03T08:49:27.308Z"}
{"abortSignal":{},"level":"debug","message":"Making GET request to /v1/codebase/019ae361-dcf4-7052-8c5a-208045c188db/issues?branchName=main","timestamp":"2025-12-03T08:49:27.308Z"}
{"level":"debug","message":"filesToReindex2: 0, files: 1","timestamp":"2025-12-03T08:49:27.852Z"}
{"level":"debug","message":"syncCodebaseResponse2: []","timestamp":"2025-12-03T08:49:27.852Z"}
{"level":"debug","message":"Making GET request to /v1/codebase/019ae361-dcf4-7052-8c5a-208045c188db/files?branchName=main","timestamp":"2025-12-03T08:49:27.852Z"}
{"level":"debug","message":"Making GET request to /v1/codebase/019ae361-dcf4-7052-8c5a-208045c188db/files?branchName=main","timestamp":"2025-12-03T08:49:27.967Z"}
{"level":"debug","message":"Making POST request to /v1/scan-workflows/start","timestamp":"2025-12-03T08:49:28.078Z"}
{"abortSignal":{},"level":"debug","message":"Making GET request to /v1/scan-workflows/019ae366-fb3d-7488-953e-83cddf394469/status","timestamp":"2025-12-03T08:49:28.518Z"}
{"abortSignal":{},"level":"debug","message":"Making GET request to /v1/codebase/019ae361-dcf4-7052-8c5a-208045c188db/files?branchName=main","timestamp":"2025-12-03T08:49:28.597Z"}
{"abortSignal":{},"level":"debug","message":"Making GET request to /v1/codebase/019ae361-dcf4-7052-8c5a-208045c188db/issues?branchName=main","timestamp":"2025-12-03T08:49:28.598Z"}
{"abortSignal":{},"level":"debug","message":"Making GET request to /v1/scan-workflows/019ae366-f5be-74fc-b59a-be9e1ac95103/status","timestamp":"2025-12-03T08:49:30.818Z"}
{"abortSignal":{},"level":"debug","message":"Making GET request to /v1/codebase/019ae361-dcf4-7052-8c5a-208045c188db/files?branchName=main","timestamp":"2025-12-03T08:49:30.911Z"}
{"abortSignal":{},"level":"debug","message":"Making GET request to /v1/codebase/019ae361-dcf4-7052-8c5a-208045c188db/issues?branchName=main","timestamp":"2025-12-03T08:49:30.911Z"}
{"abortSignal":{},"level":"debug","message":"Making GET request to /v1/scan-workflows/019ae366-fb3d-7488-953e-83cddf394469/status","timestamp":"2025-12-03T08:49:31.964Z"}
{"abortSignal":{},"level":"debug","message":"Making GET request to /v1/codebase/019ae361-dcf4-7052-8c5a-208045c188db/files?branchName=main","timestamp":"2025-12-03T08:49:32.044Z"}
{"abortSignal":{},"level":"debug","message":"Making GET request to /v1/codebase/019ae361-dcf4-7052-8c5a-208045c188db/issues?branchName=main","timestamp":"2025-12-03T08:49:32.044Z"}
{"abortSignal":{},"level":"debug","message":"Making GET request to /v1/scan-workflows/019ae366-f5be-74fc-b59a-be9e1ac95103/status","timestamp":"2025-12-03T08:49:34.294Z"}
{"abortSignal":{},"level":"debug","message":"Making GET request to /v1/codebase/019ae361-dcf4-7052-8c5a-208045c188db/files?branchName=main","timestamp":"2025-12-03T08:49:34.382Z"}
{"abortSignal":{},"level":"debug","message":"Making GET request to /v1/codebase/019ae361-dcf4-7052-8c5a-208045c188db/issues?branchName=main","timestamp":"2025-12-03T08:49:34.383Z"}
{"abortSignal":{},"level":"debug","message":"Making GET request to /v1/scan-workflows/019ae366-fb3d-7488-953e-83cddf394469/status","timestamp":"2025-12-03T08:49:35.433Z"}
{"abortSignal":{},"level":"debug","message":"Making GET request to /v1/codebase/019ae361-dcf4-7052-8c5a-208045c188db/files?branchName=main","timestamp":"2025-12-03T08:49:35.521Z"}
{"abortSignal":{},"level":"debug","message":"Making GET request to /v1/codebase/019ae361-dcf4-7052-8c5a-208045c188db/issues?branchName=main","timestamp":"2025-12-03T08:49:35.522Z"}
{"abortSignal":{},"level":"debug","message":"Making GET request to /v1/scan-workflows/019ae366-f5be-74fc-b59a-be9e1ac95103/status","timestamp":"2025-12-03T08:49:37.761Z"}
{"abortSignal":{},"level":"debug","message":"Making GET request to /v1/codebase/019ae361-dcf4-7052-8c5a-208045c188db/files?branchName=main","timestamp":"2025-12-03T08:49:37.843Z"}
{"abortSignal":{},"level":"debug","message":"Making GET request to /v1/codebase/019ae361-dcf4-7052-8c5a-208045c188db/issues?branchName=main","timestamp":"2025-12-03T08:49:37.843Z"}
{"abortSignal":{},"level":"debug","message":"Making GET request to /v1/scan-workflows/019ae366-fb3d-7488-953e-83cddf394469/status","timestamp":"2025-12-03T08:49:38.906Z"}
{"abortSignal":{},"level":"debug","message":"Making GET request to /v1/codebase/019ae361-dcf4-7052-8c5a-208045c188db/files?branchName=main","timestamp":"2025-12-03T08:49:38.985Z"}
{"abortSignal":{},"level":"debug","message":"Making GET request to /v1/codebase/019ae361-dcf4-7052-8c5a-208045c188db/issues?branchName=main","timestamp":"2025-12-03T08:49:38.986Z"}
{"abortSignal":{},"level":"debug","message":"Making GET request to /v1/scan-workflows/019ae366-f5be-74fc-b59a-be9e1ac95103/status","timestamp":"2025-12-03T08:49:41.217Z"}
{"abortSignal":{},"level":"debug","message":"Making GET request to /v1/codebase/019ae361-dcf4-7052-8c5a-208045c188db/files?branchName=main","timestamp":"2025-12-03T08:49:41.307Z"}
{"abortSignal":{},"level":"debug","message":"Making GET request to /v1/codebase/019ae361-dcf4-7052-8c5a-208045c188db/issues?branchName=main","timestamp":"2025-12-03T08:49:41.307Z"}
{"abortSignal":{},"level":"debug","message":"Making GET request to /v1/scan-workflows/019ae366-fb3d-7488-953e-83cddf394469/status","timestamp":"2025-12-03T08:49:42.356Z"}
{"abortSignal":{},"level":"debug","message":"Making GET request to /v1/codebase/019ae361-dcf4-7052-8c5a-208045c188db/files?branchName=main","timestamp":"2025-12-03T08:49:42.445Z"}
{"abortSignal":{},"level":"debug","message":"Making GET request to /v1/codebase/019ae361-dcf4-7052-8c5a-208045c188db/issues?branchName=main","timestamp":"2025-12-03T08:49:42.445Z"}
{"level":"debug","message":"Making GET request to /v1/codebase/019ae361-dcf4-7052-8c5a-208045c188db/issues?branchName=main","timestamp":"2025-12-03T08:49:42.817Z"}
{"abortSignal":{},"level":"debug","message":"Making GET request to /v1/scan-workflows/019ae366-f5be-74fc-b59a-be9e1ac95103/status","timestamp":"2025-12-03T08:49:44.680Z"}
{"abortSignal":{},"level":"debug","message":"Making GET request to /v1/codebase/019ae361-dcf4-7052-8c5a-208045c188db/files?branchName=main","timestamp":"2025-12-03T08:49:44.776Z"}
{"abortSignal":{},"level":"debug","message":"Making GET request to /v1/codebase/019ae361-dcf4-7052-8c5a-208045c188db/issues?branchName=main","timestamp":"2025-12-03T08:49:44.777Z"}
{"abortSignal":{},"level":"debug","message":"Making GET request to /v1/scan-workflows/019ae366-f5be-74fc-b59a-be9e1ac95103/status","timestamp":"2025-12-03T08:49:48.148Z"}
{"abortSignal":{},"level":"debug","message":"Making GET request to /v1/codebase/019ae361-dcf4-7052-8c5a-208045c188db/files?branchName=main","timestamp":"2025-12-03T08:49:48.231Z"}
{"abortSignal":{},"level":"debug","message":"Making GET request to /v1/codebase/019ae361-dcf4-7052-8c5a-208045c188db/issues?branchName=main","timestamp":"2025-12-03T08:49:48.231Z"}
{"abortSignal":{},"level":"debug","message":"Making GET request to /v1/scan-workflows/019ae366-f5be-74fc-b59a-be9e1ac95103/status","timestamp":"2025-12-03T08:49:51.612Z"}
{"abortSignal":{},"level":"debug","message":"Making GET request to /v1/codebase/019ae361-dcf4-7052-8c5a-208045c188db/files?branchName=main","timestamp":"2025-12-03T08:49:51.698Z"}
{"abortSignal":{},"level":"debug","message":"Making GET request to /v1/codebase/019ae361-dcf4-7052-8c5a-208045c188db/issues?branchName=main","timestamp":"2025-12-03T08:49:51.699Z"}
{"abortSignal":{},"level":"debug","message":"Making GET request to /v1/scan-workflows/019ae366-f5be-74fc-b59a-be9e1ac95103/status","timestamp":"2025-12-03T08:49:55.072Z"}
{"abortSignal":{},"level":"debug","message":"Making GET request to /v1/codebase/019ae361-dcf4-7052-8c5a-208045c188db/files?branchName=main","timestamp":"2025-12-03T08:49:55.152Z"}
{"abortSignal":{},"level":"debug","message":"Making GET request to /v1/codebase/019ae361-dcf4-7052-8c5a-208045c188db/issues?branchName=main","timestamp":"2025-12-03T08:49:55.153Z"}
{"abortSignal":{},"level":"debug","message":"Making GET request to /v1/scan-workflows/019ae366-f5be-74fc-b59a-be9e1ac95103/status","timestamp":"2025-12-03T08:49:58.529Z"}
{"abortSignal":{},"level":"debug","message":"Making GET request to /v1/codebase/019ae361-dcf4-7052-8c5a-208045c188db/files?branchName=main","timestamp":"2025-12-03T08:49:58.626Z"}
{"abortSignal":{},"level":"debug","message":"Making GET request to /v1/codebase/019ae361-dcf4-7052-8c5a-208045c188db/issues?branchName=main","timestamp":"2025-12-03T08:49:58.629Z"}
{"abortSignal":{},"level":"debug","message":"Making GET request to /v1/scan-workflows/019ae366-f5be-74fc-b59a-be9e1ac95103/status","timestamp":"2025-12-03T08:50:02.010Z"}
{"abortSignal":{},"level":"debug","message":"Making GET request to /v1/codebase/019ae361-dcf4-7052-8c5a-208045c188db/files?branchName=main","timestamp":"2025-12-03T08:50:02.094Z"}
{"abortSignal":{},"level":"debug","message":"Making GET request to /v1/codebase/019ae361-dcf4-7052-8c5a-208045c188db/issues?branchName=main","timestamp":"2025-12-03T08:50:02.095Z"}
{"abortSignal":{},"level":"debug","message":"Making GET request to /v1/scan-workflows/019ae366-f5be-74fc-b59a-be9e1ac95103/status","timestamp":"2025-12-03T08:50:05.471Z"}
{"abortSignal":{},"level":"debug","message":"Making GET request to /v1/codebase/019ae361-dcf4-7052-8c5a-208045c188db/files?branchName=main","timestamp":"2025-12-03T08:50:05.571Z"}
{"abortSignal":{},"level":"debug","message":"Making GET request to /v1/codebase/019ae361-dcf4-7052-8c5a-208045c188db/issues?branchName=main","timestamp":"2025-12-03T08:50:05.571Z"}
{"abortSignal":{},"level":"debug","message":"Making GET request to /v1/scan-workflows/019ae366-f5be-74fc-b59a-be9e1ac95103/status","timestamp":"2025-12-03T08:50:08.960Z"}
{"abortSignal":{},"level":"debug","message":"Making GET request to /v1/codebase/019ae361-dcf4-7052-8c5a-208045c188db/files?branchName=main","timestamp":"2025-12-03T08:50:09.054Z"}
{"abortSignal":{},"level":"debug","message":"Making GET request to /v1/codebase/019ae361-dcf4-7052-8c5a-208045c188db/issues?branchName=main","timestamp":"2025-12-03T08:50:09.054Z"}
{"abortSignal":{},"level":"debug","message":"Making GET request to /v1/scan-workflows/019ae366-f5be-74fc-b59a-be9e1ac95103/status","timestamp":"2025-12-03T08:50:12.439Z"}
{"abortSignal":{},"level":"debug","message":"Making GET request to /v1/codebase/019ae361-dcf4-7052-8c5a-208045c188db/files?branchName=main","timestamp":"2025-12-03T08:50:12.522Z"}
{"abortSignal":{},"level":"debug","message":"Making GET request to /v1/codebase/019ae361-dcf4-7052-8c5a-208045c188db/issues?branchName=main","timestamp":"2025-12-03T08:50:12.522Z"}
{"level":"debug","message":"Making GET request to /v1/codebase/019ae361-dcf4-7052-8c5a-208045c188db/issues?branchName=main","timestamp":"2025-12-03T08:50:12.905Z"}
