{"error":{"cmd":"cd /Users/xnerhu/projects/vidoc/express-master/examples/markdown && git config --get remote.origin.url","code":1,"killed":false,"signal":null,"stderr":"","stdout":""},"level":"error","message":"Error getting repository info:","timestamp":"2025-12-04T11:06:47.794Z"}
{"level":"debug","message":"Scanning directory /Users/xnerhu/projects/vidoc/express-master/examples/markdown, rootDir: /Users/xnerhu/projects/vidoc/express-master/examples/markdown","timestamp":"2025-12-04T11:06:47.797Z"}
{"level":"debug","message":"Making POST request to /v1/codebase","timestamp":"2025-12-04T11:06:47.798Z"}
{"level":"debug","message":"Codebase created: 019ae90b-1117-715a-b7f1-765ae50dad65, branch: main, name: markdown","timestamp":"2025-12-04T11:06:48.086Z"}
{"error":"Command failed: cd /Users/xnerhu/projects/vidoc/express-master/examples/markdown && git ls-tree -r HEAD --full-tree\nfatal: not a git repository (or any of the parent directories): .git","level":"debug","message":"Error getting repository files:","timestamp":"2025-12-04T11:06:48.138Z"}
{"level":"debug","message":"No language found for file: views/index.md","timestamp":"2025-12-04T11:06:48.196Z"}
{"level":"debug","message":"Making POST request to /v1/codebase/019ae90b-1117-715a-b7f1-765ae50dad65/sync","timestamp":"2025-12-04T11:06:48.196Z"}
{"level":"debug","message":"syncCodebaseResponse: [\n  \"index.js\"\n]","timestamp":"2025-12-04T11:06:48.630Z"}
{"level":"debug","message":"filesToPreprocess: {\n  \"forceReindex\": false,\n  \"filesToPreprocess\": [\n    {\n      \"path\": \"index.js\",\n      \"version\": \"71e00661f10b5a60a7b6e80a431d2e6a8715b7945061e6637d81400fbd410163\",\n      \"language\": \"javascript\"\n    }\n  ]\n}","timestamp":"2025-12-04T11:06:48.630Z"}
{"level":"debug","message":"Making GET request to /indexing-config","timestamp":"2025-12-04T11:06:48.648Z"}
{"followRedirects":true,"level":"debug","message":"Making POST request to /index-file","timestamp":"2025-12-04T11:06:48.653Z"}
{"level":"debug","message":"Preprocessing took 4.40s","timestamp":"2025-12-04T11:06:53.030Z"}
{"level":"debug","message":"Making POST request to /v1/codebase/019ae90b-1117-715a-b7f1-765ae50dad65/sync","timestamp":"2025-12-04T11:06:53.031Z"}
{"level":"debug","message":"filesToReindex2: 0, files: 1","timestamp":"2025-12-04T11:06:53.426Z"}
{"level":"debug","message":"syncCodebaseResponse2: []","timestamp":"2025-12-04T11:06:53.426Z"}
{"level":"debug","message":"Making GET request to /v1/codebase/019ae90b-1117-715a-b7f1-765ae50dad65/files?branchName=main","timestamp":"2025-12-04T11:06:53.426Z"}
{"level":"debug","message":"Making GET request to /v1/codebase/019ae90b-1117-715a-b7f1-765ae50dad65/files?branchName=main","timestamp":"2025-12-04T11:06:53.543Z"}
{"level":"debug","message":"Making POST request to /v1/scan-workflows/start","timestamp":"2025-12-04T11:06:53.652Z"}
{"abortSignal":{},"level":"debug","message":"Making GET request to /v1/scan-workflows/019ae90b-291e-73ba-8d7e-674d2fb4f094/status","timestamp":"2025-12-04T11:06:54.269Z"}
{"abortSignal":{},"level":"debug","message":"Making GET request to /v1/codebase/019ae90b-1117-715a-b7f1-765ae50dad65/files?branchName=main","timestamp":"2025-12-04T11:06:54.349Z"}
{"abortSignal":{},"level":"debug","message":"Making GET request to /v1/codebase/019ae90b-1117-715a-b7f1-765ae50dad65/issues?branchName=main","timestamp":"2025-12-04T11:06:54.349Z"}
{"abortSignal":{},"level":"debug","message":"Making GET request to /v1/scan-workflows/019ae90b-291e-73ba-8d7e-674d2fb4f094/status","timestamp":"2025-12-04T11:06:57.755Z"}
{"abortSignal":{},"level":"debug","message":"Making GET request to /v1/codebase/019ae90b-1117-715a-b7f1-765ae50dad65/files?branchName=main","timestamp":"2025-12-04T11:06:57.855Z"}
{"abortSignal":{},"level":"debug","message":"Making GET request to /v1/codebase/019ae90b-1117-715a-b7f1-765ae50dad65/issues?branchName=main","timestamp":"2025-12-04T11:06:57.855Z"}
{"abortSignal":{},"level":"debug","message":"Making GET request to /v1/scan-workflows/019ae90b-291e-73ba-8d7e-674d2fb4f094/status","timestamp":"2025-12-04T11:07:01.287Z"}
{"abortSignal":{},"level":"debug","message":"Making GET request to /v1/codebase/019ae90b-1117-715a-b7f1-765ae50dad65/files?branchName=main","timestamp":"2025-12-04T11:07:01.382Z"}
{"abortSignal":{},"level":"debug","message":"Making GET request to /v1/codebase/019ae90b-1117-715a-b7f1-765ae50dad65/issues?branchName=main","timestamp":"2025-12-04T11:07:01.383Z"}
{"abortSignal":{},"level":"debug","message":"Making GET request to /v1/scan-workflows/019ae90b-291e-73ba-8d7e-674d2fb4f094/status","timestamp":"2025-12-04T11:07:04.777Z"}
{"abortSignal":{},"level":"debug","message":"Making GET request to /v1/codebase/019ae90b-1117-715a-b7f1-765ae50dad65/files?branchName=main","timestamp":"2025-12-04T11:07:04.874Z"}
{"abortSignal":{},"level":"debug","message":"Making GET request to /v1/codebase/019ae90b-1117-715a-b7f1-765ae50dad65/issues?branchName=main","timestamp":"2025-12-04T11:07:04.874Z"}
{"abortSignal":{},"level":"debug","message":"Making GET request to /v1/scan-workflows/019ae90b-291e-73ba-8d7e-674d2fb4f094/status","timestamp":"2025-12-04T11:07:08.275Z"}
{"abortSignal":{},"level":"debug","message":"Making GET request to /v1/codebase/019ae90b-1117-715a-b7f1-765ae50dad65/files?branchName=main","timestamp":"2025-12-04T11:07:08.370Z"}
{"abortSignal":{},"level":"debug","message":"Making GET request to /v1/codebase/019ae90b-1117-715a-b7f1-765ae50dad65/issues?branchName=main","timestamp":"2025-12-04T11:07:08.371Z"}
{"abortSignal":{},"level":"debug","message":"Making GET request to /v1/scan-workflows/019ae90b-291e-73ba-8d7e-674d2fb4f094/status","timestamp":"2025-12-04T11:07:11.761Z"}
{"abortSignal":{},"level":"debug","message":"Making GET request to /v1/codebase/019ae90b-1117-715a-b7f1-765ae50dad65/files?branchName=main","timestamp":"2025-12-04T11:07:11.854Z"}
{"abortSignal":{},"level":"debug","message":"Making GET request to /v1/codebase/019ae90b-1117-715a-b7f1-765ae50dad65/issues?branchName=main","timestamp":"2025-12-04T11:07:11.855Z"}
{"abortSignal":{},"level":"debug","message":"Making GET request to /v1/scan-workflows/019ae90b-291e-73ba-8d7e-674d2fb4f094/status","timestamp":"2025-12-04T11:07:15.262Z"}
{"abortSignal":{},"level":"debug","message":"Making GET request to /v1/codebase/019ae90b-1117-715a-b7f1-765ae50dad65/files?branchName=main","timestamp":"2025-12-04T11:07:15.365Z"}
{"abortSignal":{},"level":"debug","message":"Making GET request to /v1/codebase/019ae90b-1117-715a-b7f1-765ae50dad65/issues?branchName=main","timestamp":"2025-12-04T11:07:15.366Z"}
{"abortSignal":{},"level":"debug","message":"Making GET request to /v1/scan-workflows/019ae90b-291e-73ba-8d7e-674d2fb4f094/status","timestamp":"2025-12-04T11:07:18.785Z"}
{"abortSignal":{},"level":"debug","message":"Making GET request to /v1/codebase/019ae90b-1117-715a-b7f1-765ae50dad65/files?branchName=main","timestamp":"2025-12-04T11:07:18.866Z"}
{"abortSignal":{},"level":"debug","message":"Making GET request to /v1/codebase/019ae90b-1117-715a-b7f1-765ae50dad65/issues?branchName=main","timestamp":"2025-12-04T11:07:18.867Z"}
{"abortSignal":{},"level":"debug","message":"Making GET request to /v1/scan-workflows/019ae90b-291e-73ba-8d7e-674d2fb4f094/status","timestamp":"2025-12-04T11:07:22.269Z"}
{"abortSignal":{},"level":"debug","message":"Making GET request to /v1/codebase/019ae90b-1117-715a-b7f1-765ae50dad65/files?branchName=main","timestamp":"2025-12-04T11:07:22.366Z"}
{"abortSignal":{},"level":"debug","message":"Making GET request to /v1/codebase/019ae90b-1117-715a-b7f1-765ae50dad65/issues?branchName=main","timestamp":"2025-12-04T11:07:22.366Z"}
{"abortSignal":{},"level":"debug","message":"Making GET request to /v1/scan-workflows/019ae90b-291e-73ba-8d7e-674d2fb4f094/status","timestamp":"2025-12-04T11:07:25.753Z"}
{"abortSignal":{},"level":"debug","message":"Making GET request to /v1/codebase/019ae90b-1117-715a-b7f1-765ae50dad65/files?branchName=main","timestamp":"2025-12-04T11:07:25.849Z"}
{"abortSignal":{},"level":"debug","message":"Making GET request to /v1/codebase/019ae90b-1117-715a-b7f1-765ae50dad65/issues?branchName=main","timestamp":"2025-12-04T11:07:25.850Z"}
{"abortSignal":{},"level":"debug","message":"Making GET request to /v1/scan-workflows/019ae90b-291e-73ba-8d7e-674d2fb4f094/status","timestamp":"2025-12-04T11:07:29.232Z"}
{"abortSignal":{},"level":"debug","message":"Making GET request to /v1/codebase/019ae90b-1117-715a-b7f1-765ae50dad65/files?branchName=main","timestamp":"2025-12-04T11:07:29.320Z"}
{"abortSignal":{},"level":"debug","message":"Making GET request to /v1/codebase/019ae90b-1117-715a-b7f1-765ae50dad65/issues?branchName=main","timestamp":"2025-12-04T11:07:29.321Z"}
{"abortSignal":{},"level":"debug","message":"Making GET request to /v1/scan-workflows/019ae90b-291e-73ba-8d7e-674d2fb4f094/status","timestamp":"2025-12-04T11:07:32.715Z"}
{"abortSignal":{},"level":"debug","message":"Making GET request to /v1/codebase/019ae90b-1117-715a-b7f1-765ae50dad65/files?branchName=main","timestamp":"2025-12-04T11:07:32.820Z"}
{"abortSignal":{},"level":"debug","message":"Making GET request to /v1/codebase/019ae90b-1117-715a-b7f1-765ae50dad65/issues?branchName=main","timestamp":"2025-12-04T11:07:32.821Z"}
{"abortSignal":{},"level":"debug","message":"Making GET request to /v1/scan-workflows/019ae90b-291e-73ba-8d7e-674d2fb4f094/status","timestamp":"2025-12-04T11:07:36.220Z"}
{"abortSignal":{},"level":"debug","message":"Making GET request to /v1/codebase/019ae90b-1117-715a-b7f1-765ae50dad65/files?branchName=main","timestamp":"2025-12-04T11:07:36.316Z"}
{"abortSignal":{},"level":"debug","message":"Making GET request to /v1/codebase/019ae90b-1117-715a-b7f1-765ae50dad65/issues?branchName=main","timestamp":"2025-12-04T11:07:36.317Z"}
{"abortSignal":{},"level":"debug","message":"Making GET request to /v1/scan-workflows/019ae90b-291e-73ba-8d7e-674d2fb4f094/status","timestamp":"2025-12-04T11:07:39.728Z"}
{"abortSignal":{},"level":"debug","message":"Making GET request to /v1/codebase/019ae90b-1117-715a-b7f1-765ae50dad65/files?branchName=main","timestamp":"2025-12-04T11:07:39.831Z"}
{"abortSignal":{},"level":"debug","message":"Making GET request to /v1/codebase/019ae90b-1117-715a-b7f1-765ae50dad65/issues?branchName=main","timestamp":"2025-12-04T11:07:39.832Z"}
{"abortSignal":{},"level":"debug","message":"Making GET request to /v1/scan-workflows/019ae90b-291e-73ba-8d7e-674d2fb4f094/status","timestamp":"2025-12-04T11:07:43.224Z"}
{"abortSignal":{},"level":"debug","message":"Making GET request to /v1/codebase/019ae90b-1117-715a-b7f1-765ae50dad65/files?branchName=main","timestamp":"2025-12-04T11:07:43.318Z"}
{"abortSignal":{},"level":"debug","message":"Making GET request to /v1/codebase/019ae90b-1117-715a-b7f1-765ae50dad65/issues?branchName=main","timestamp":"2025-12-04T11:07:43.319Z"}
{"abortSignal":{},"level":"debug","message":"Making GET request to /v1/scan-workflows/019ae90b-291e-73ba-8d7e-674d2fb4f094/status","timestamp":"2025-12-04T11:07:46.714Z"}
{"abortSignal":{},"level":"debug","message":"Making GET request to /v1/codebase/019ae90b-1117-715a-b7f1-765ae50dad65/files?branchName=main","timestamp":"2025-12-04T11:07:46.800Z"}
{"abortSignal":{},"level":"debug","message":"Making GET request to /v1/codebase/019ae90b-1117-715a-b7f1-765ae50dad65/issues?branchName=main","timestamp":"2025-12-04T11:07:46.801Z"}
{"abortSignal":{},"level":"debug","message":"Making GET request to /v1/scan-workflows/019ae90b-291e-73ba-8d7e-674d2fb4f094/status","timestamp":"2025-12-04T11:07:50.202Z"}
{"abortSignal":{},"level":"debug","message":"Making GET request to /v1/codebase/019ae90b-1117-715a-b7f1-765ae50dad65/files?branchName=main","timestamp":"2025-12-04T11:07:50.298Z"}
{"abortSignal":{},"level":"debug","message":"Making GET request to /v1/codebase/019ae90b-1117-715a-b7f1-765ae50dad65/issues?branchName=main","timestamp":"2025-12-04T11:07:50.299Z"}
{"abortSignal":{},"level":"debug","message":"Making GET request to /v1/scan-workflows/019ae90b-291e-73ba-8d7e-674d2fb4f094/status","timestamp":"2025-12-04T11:07:53.687Z"}
{"abortSignal":{},"level":"debug","message":"Making GET request to /v1/codebase/019ae90b-1117-715a-b7f1-765ae50dad65/files?branchName=main","timestamp":"2025-12-04T11:07:53.781Z"}
{"abortSignal":{},"level":"debug","message":"Making GET request to /v1/codebase/019ae90b-1117-715a-b7f1-765ae50dad65/issues?branchName=main","timestamp":"2025-12-04T11:07:53.782Z"}
{"abortSignal":{},"level":"debug","message":"Making GET request to /v1/scan-workflows/019ae90b-291e-73ba-8d7e-674d2fb4f094/status","timestamp":"2025-12-04T11:07:57.189Z"}
{"abortSignal":{},"level":"debug","message":"Making GET request to /v1/codebase/019ae90b-1117-715a-b7f1-765ae50dad65/files?branchName=main","timestamp":"2025-12-04T11:07:57.307Z"}
{"abortSignal":{},"level":"debug","message":"Making GET request to /v1/codebase/019ae90b-1117-715a-b7f1-765ae50dad65/issues?branchName=main","timestamp":"2025-12-04T11:07:57.307Z"}
{"abortSignal":{},"level":"debug","message":"Making GET request to /v1/scan-workflows/019ae90b-291e-73ba-8d7e-674d2fb4f094/status","timestamp":"2025-12-04T11:08:00.700Z"}
{"abortSignal":{},"level":"debug","message":"Making GET request to /v1/codebase/019ae90b-1117-715a-b7f1-765ae50dad65/files?branchName=main","timestamp":"2025-12-04T11:08:00.799Z"}
{"abortSignal":{},"level":"debug","message":"Making GET request to /v1/codebase/019ae90b-1117-715a-b7f1-765ae50dad65/issues?branchName=main","timestamp":"2025-12-04T11:08:00.800Z"}
{"abortSignal":{},"level":"debug","message":"Making GET request to /v1/scan-workflows/019ae90b-291e-73ba-8d7e-674d2fb4f094/status","timestamp":"2025-12-04T11:08:04.198Z"}
{"abortSignal":{},"level":"debug","message":"Making GET request to /v1/codebase/019ae90b-1117-715a-b7f1-765ae50dad65/files?branchName=main","timestamp":"2025-12-04T11:08:04.303Z"}
{"abortSignal":{},"level":"debug","message":"Making GET request to /v1/codebase/019ae90b-1117-715a-b7f1-765ae50dad65/issues?branchName=main","timestamp":"2025-12-04T11:08:04.303Z"}
{"abortSignal":{},"level":"debug","message":"Making GET request to /v1/scan-workflows/019ae90b-291e-73ba-8d7e-674d2fb4f094/status","timestamp":"2025-12-04T11:08:07.716Z"}
{"abortSignal":{},"level":"debug","message":"Making GET request to /v1/codebase/019ae90b-1117-715a-b7f1-765ae50dad65/files?branchName=main","timestamp":"2025-12-04T11:08:07.812Z"}
{"abortSignal":{},"level":"debug","message":"Making GET request to /v1/codebase/019ae90b-1117-715a-b7f1-765ae50dad65/issues?branchName=main","timestamp":"2025-12-04T11:08:07.814Z"}
{"abortSignal":{},"level":"debug","message":"Making GET request to /v1/scan-workflows/019ae90b-291e-73ba-8d7e-674d2fb4f094/status","timestamp":"2025-12-04T11:08:11.231Z"}
{"abortSignal":{},"level":"debug","message":"Making GET request to /v1/codebase/019ae90b-1117-715a-b7f1-765ae50dad65/files?branchName=main","timestamp":"2025-12-04T11:08:11.325Z"}
{"abortSignal":{},"level":"debug","message":"Making GET request to /v1/codebase/019ae90b-1117-715a-b7f1-765ae50dad65/issues?branchName=main","timestamp":"2025-12-04T11:08:11.325Z"}
{"abortSignal":{},"level":"debug","message":"Making GET request to /v1/scan-workflows/019ae90b-291e-73ba-8d7e-674d2fb4f094/status","timestamp":"2025-12-04T11:08:14.723Z"}
{"abortSignal":{},"level":"debug","message":"Making GET request to /v1/codebase/019ae90b-1117-715a-b7f1-765ae50dad65/files?branchName=main","timestamp":"2025-12-04T11:08:14.829Z"}
{"abortSignal":{},"level":"debug","message":"Making GET request to /v1/codebase/019ae90b-1117-715a-b7f1-765ae50dad65/issues?branchName=main","timestamp":"2025-12-04T11:08:14.831Z"}
{"abortSignal":{},"level":"debug","message":"Making GET request to /v1/scan-workflows/019ae90b-291e-73ba-8d7e-674d2fb4f094/status","timestamp":"2025-12-04T11:08:18.231Z"}
{"abortSignal":{},"level":"debug","message":"Making GET request to /v1/codebase/019ae90b-1117-715a-b7f1-765ae50dad65/files?branchName=main","timestamp":"2025-12-04T11:08:18.328Z"}
{"abortSignal":{},"level":"debug","message":"Making GET request to /v1/codebase/019ae90b-1117-715a-b7f1-765ae50dad65/issues?branchName=main","timestamp":"2025-12-04T11:08:18.329Z"}
{"abortSignal":{},"level":"debug","message":"Making GET request to /v1/scan-workflows/019ae90b-291e-73ba-8d7e-674d2fb4f094/status","timestamp":"2025-12-04T11:08:21.737Z"}
{"abortSignal":{},"level":"debug","message":"Making GET request to /v1/codebase/019ae90b-1117-715a-b7f1-765ae50dad65/files?branchName=main","timestamp":"2025-12-04T11:08:21.840Z"}
{"abortSignal":{},"level":"debug","message":"Making GET request to /v1/codebase/019ae90b-1117-715a-b7f1-765ae50dad65/issues?branchName=main","timestamp":"2025-12-04T11:08:21.841Z"}
{"abortSignal":{},"level":"debug","message":"Making GET request to /v1/scan-workflows/019ae90b-291e-73ba-8d7e-674d2fb4f094/status","timestamp":"2025-12-04T11:08:25.240Z"}
{"abortSignal":{},"level":"debug","message":"Making GET request to /v1/codebase/019ae90b-1117-715a-b7f1-765ae50dad65/files?branchName=main","timestamp":"2025-12-04T11:08:25.332Z"}
{"abortSignal":{},"level":"debug","message":"Making GET request to /v1/codebase/019ae90b-1117-715a-b7f1-765ae50dad65/issues?branchName=main","timestamp":"2025-12-04T11:08:25.333Z"}
{"abortSignal":{},"level":"debug","message":"Making GET request to /v1/scan-workflows/019ae90b-291e-73ba-8d7e-674d2fb4f094/status","timestamp":"2025-12-04T11:08:28.736Z"}
{"abortSignal":{},"level":"debug","message":"Making GET request to /v1/codebase/019ae90b-1117-715a-b7f1-765ae50dad65/files?branchName=main","timestamp":"2025-12-04T11:08:28.828Z"}
{"abortSignal":{},"level":"debug","message":"Making GET request to /v1/codebase/019ae90b-1117-715a-b7f1-765ae50dad65/issues?branchName=main","timestamp":"2025-12-04T11:08:28.829Z"}
{"abortSignal":{},"level":"debug","message":"Making GET request to /v1/scan-workflows/019ae90b-291e-73ba-8d7e-674d2fb4f094/status","timestamp":"2025-12-04T11:08:32.228Z"}
{"abortSignal":{},"level":"debug","message":"Making GET request to /v1/codebase/019ae90b-1117-715a-b7f1-765ae50dad65/files?branchName=main","timestamp":"2025-12-04T11:08:32.314Z"}
{"abortSignal":{},"level":"debug","message":"Making GET request to /v1/codebase/019ae90b-1117-715a-b7f1-765ae50dad65/issues?branchName=main","timestamp":"2025-12-04T11:08:32.314Z"}
{"abortSignal":{},"level":"debug","message":"Making GET request to /v1/scan-workflows/019ae90b-291e-73ba-8d7e-674d2fb4f094/status","timestamp":"2025-12-04T11:08:35.708Z"}
{"abortSignal":{},"level":"debug","message":"Making GET request to /v1/codebase/019ae90b-1117-715a-b7f1-765ae50dad65/files?branchName=main","timestamp":"2025-12-04T11:08:35.826Z"}
{"abortSignal":{},"level":"debug","message":"Making GET request to /v1/codebase/019ae90b-1117-715a-b7f1-765ae50dad65/issues?branchName=main","timestamp":"2025-12-04T11:08:35.828Z"}
{"level":"debug","message":"Making GET request to /v1/codebase/019ae90b-1117-715a-b7f1-765ae50dad65/issues?branchName=main","timestamp":"2025-12-04T11:08:36.221Z"}
